<!DOCTYPE html PUBLIC "-//W3C//DTD XHTML 1.1//EN" "https://www.w3.org/TR/xhtml11/DTD/xhtml11.dtd">
<html xmlns="https://www.w3.org/1999/xhtml">
<head>
<meta http-equiv="content-type" content="text/html; charset=UTF-8"/>
<title>TestNG Report</title>
<style type="text/css">table {margin-bottom:10px;border-collapse:collapse;empty-cells:show}th,td {border:1px solid #009;padding:.25em .5em}th {vertical-align:bottom}td {vertical-align:top}table a {font-weight:bold}.stripe td {background-color: #E6EBF9}.num {text-align:right}.passedodd td {background-color: #3F3}.passedeven td {background-color: #0A0}.skippedodd td {background-color: #DDD}.skippedeven td {background-color: #CCC}.failedodd td,.attn {background-color: #F33}.failedeven td,.stripe .attn {background-color: #D00}.stacktrace {white-space:pre;font-family:monospace}.totop {font-size:85%;text-align:center;border-bottom:2px solid #000}.invisible {display:none}</style>
</head>
<body>
<table>
<tr><th>Test</th><th># Passed</th><th># Skipped</th><th># Retried</th><th># Failed</th><th>Time (ms)</th><th>Included Groups</th><th>Excluded Groups</th></tr>
<tr><th colspan="8">Suite</th></tr>
<tr><td><a href="#t0">ChromeTest</a></td><td class="num">27</td><td class="num">0</td><td class="num">0</td><td class="num attn">1</td><td class="num">105,363</td><td></td><td></td></tr>
<tr class="stripe"><td><a href="#t1">EdgeTest</a></td><td class="num">27</td><td class="num">0</td><td class="num">0</td><td class="num attn">1</td><td class="num">102,749</td><td></td><td></td></tr>
<tr><th>Total</th><th class="num">54</th><th class="num">0</th><th class="num">0</th><th class="num attn">2</th><th class="num">208,112</th><th colspan="2"></th></tr>
</table>
<table id='summary'><thead><tr><th>Class</th><th>Method</th><th>Start</th><th>Time (ms)</th></tr></thead><tbody><tr><th colspan="4">Suite</th></tr></tbody><tbody id="t0"><tr><th colspan="4">ChromeTest &#8212; failed (configuration methods)</th></tr><tr class="failedeven"><td rowspan="1">testcases.CalculatorPageTest</td><td><a href="#m0">teardown</a></td><td rowspan="1">1622667412961</td><td rowspan="1">1361</td></tr><tr class="failedodd"><td rowspan="1">testcases.CloseAccountPageTest</td><td><a href="#m1">teardown</a></td><td rowspan="1">1622667449750</td><td rowspan="1">1362</td></tr><tr class="failedeven"><td rowspan="1">testcases.LoginPageTest</td><td><a href="#m2">teardown</a></td><td rowspan="1">1622667364826</td><td rowspan="1">1431</td></tr><tr><th colspan="4">ChromeTest &#8212; failed</th></tr><tr class="failedeven"><td rowspan="1">testcases.CloseAccountPageTest</td><td><a href="#m3">resetBtnTest</a></td><td rowspan="1">1622667439807</td><td rowspan="1">9941</td></tr><tr><th colspan="4">ChromeTest &#8212; passed</th></tr><tr class="passedeven"><td rowspan="11">testcases.CalculatorPageTest</td><td><a href="#m4">emptyDepositAmtTest</a></td><td rowspan="1">1622667375218</td><td rowspan="1">2342</td></tr><tr class="passedeven"><td><a href="#m5">emptyTermsTest</a></td><td rowspan="1">1622667377561</td><td rowspan="1">2290</td></tr><tr class="passedeven"><td><a href="#m6">goToCalculatorPageTest</a></td><td rowspan="1">1622667370352</td><td rowspan="1">4865</td></tr><tr class="passedeven"><td><a href="#m7">invalidFixedDepositAmtTest</a></td><td rowspan="1">1622667379857</td><td rowspan="1">4421</td></tr><tr class="passedeven"><td><a href="#m8">invalidRecurringDepositAmtTest</a></td><td rowspan="1">1622667384279</td><td rowspan="1">7419</td></tr><tr class="passedeven"><td><a href="#m9">invalidTermsAmtTest</a></td><td rowspan="3">1622667391700</td><td rowspan="3">7389</td></tr><tr class="passedeven"><td><a href="#m10">invalidTermsAmtTest</a></td></tr><tr class="passedeven"><td><a href="#m11">invalidTermsAmtTest</a></td></tr><tr class="passedeven"><td><a href="#m12">radioMessageTest</a></td><td rowspan="1">1622667403772</td><td rowspan="1">2347</td></tr><tr class="passedeven"><td><a href="#m13">resetBtnTest</a></td><td rowspan="1">1622667410532</td><td rowspan="1">2428</td></tr><tr class="passedeven"><td><a href="#m14">resultsTest</a></td><td rowspan="1">1622667406123</td><td rowspan="1">4404</td></tr><tr class="passedodd"><td rowspan="9">testcases.CloseAccountPageTest</td><td><a href="#m15">cashRadioBtnTest</a></td><td rowspan="1">1622667428199</td><td rowspan="1">2235</td></tr><tr class="passedodd"><td><a href="#m16">closeDepositBtnTest</a></td><td rowspan="1">1622667434971</td><td rowspan="1">4835</td></tr><tr class="passedodd"><td><a href="#m17">dropDownSelectionTest</a></td><td rowspan="1">1622667421593</td><td rowspan="1">2263</td></tr><tr class="passedodd"><td><a href="#m18">goToPageTest</a></td><td rowspan="1">1622667417964</td><td rowspan="1">2430</td></tr><tr class="passedodd"><td><a href="#m19">iebiRadioBtnTest</a></td><td rowspan="1">1622667430435</td><td rowspan="1">2249</td></tr><tr class="passedodd"><td><a href="#m20">loadingPageElementsTest</a></td><td rowspan="1">1622667420396</td><td rowspan="1">991</td></tr><tr class="passedodd"><td><a href="#m21">otherBankRadioBtnTest</a></td><td rowspan="1">1622667432684</td><td rowspan="1">2287</td></tr><tr class="passedodd"><td><a href="#m22">populateDropDownTest</a></td><td rowspan="1">1622667421388</td><td rowspan="1">204</td></tr><tr class="passedodd"><td><a href="#m23">transferModeTest</a></td><td rowspan="1">1622667423858</td><td rowspan="1">4339</td></tr><tr class="passedeven"><td rowspan="7">testcases.LoginPageTest</td><td><a href="#m24">forgotPasswordTest</a></td><td rowspan="1">1622667350435</td><td rowspan="1">987</td></tr><tr class="passedeven"><td><a href="#m25">invalidUserMessageTest</a></td><td rowspan="2">1622667360378</td><td rowspan="2">657</td></tr><tr class="passedeven"><td><a href="#m26">invalidUserMessageTest</a></td></tr><tr class="passedeven"><td><a href="#m27">loginTest</a></td><td rowspan="2">1622667361504</td><td rowspan="2">939</td></tr><tr class="passedeven"><td><a href="#m28">loginTest</a></td></tr><tr class="passedeven"><td><a href="#m29">logoutTest</a></td><td rowspan="1">1622667364040</td><td rowspan="1">784</td></tr><tr class="passedeven"><td><a href="#m30">signUpTest</a></td><td rowspan="1">1622667351951</td><td rowspan="1">1118</td></tr></tbody>
<tbody id="t1"><tr><th colspan="4">EdgeTest &#8212; failed (configuration methods)</th></tr><tr class="failedeven"><td rowspan="1">testcases.CalculatorPageTest</td><td><a href="#m31">teardown</a></td><td rowspan="1">1622667516739</td><td rowspan="1">834</td></tr><tr class="failedodd"><td rowspan="1">testcases.CloseAccountPageTest</td><td><a href="#m32">teardown</a></td><td rowspan="1">1622667553016</td><td rowspan="1">876</td></tr><tr class="failedeven"><td rowspan="1">testcases.LoginPageTest</td><td><a href="#m33">teardown</a></td><td rowspan="1">1622667469898</td><td rowspan="1">857</td></tr><tr><th colspan="4">EdgeTest &#8212; failed</th></tr><tr class="failedeven"><td rowspan="1">testcases.CloseAccountPageTest</td><td><a href="#m34">resetBtnTest</a></td><td rowspan="1">1622667543193</td><td rowspan="1">9821</td></tr><tr><th colspan="4">EdgeTest &#8212; passed</th></tr><tr class="passedeven"><td rowspan="11">testcases.CalculatorPageTest</td><td><a href="#m35">emptyDepositAmtTest</a></td><td rowspan="1">1622667479215</td><td rowspan="1">2338</td></tr><tr class="passedeven"><td><a href="#m36">emptyTermsTest</a></td><td rowspan="1">1622667481556</td><td rowspan="1">2295</td></tr><tr class="passedeven"><td><a href="#m37">goToCalculatorPageTest</a></td><td rowspan="1">1622667474441</td><td rowspan="1">4770</td></tr><tr class="passedeven"><td><a href="#m38">invalidFixedDepositAmtTest</a></td><td rowspan="1">1622667483852</td><td rowspan="1">4342</td></tr><tr class="passedeven"><td><a href="#m39">invalidRecurringDepositAmtTest</a></td><td rowspan="1">1622667488197</td><td rowspan="1">7359</td></tr><tr class="passedeven"><td><a href="#m40">invalidTermsAmtTest</a></td><td rowspan="3">1622667502968</td><td rowspan="3">2318</td></tr><tr class="passedeven"><td><a href="#m41">invalidTermsAmtTest</a></td></tr><tr class="passedeven"><td><a href="#m42">invalidTermsAmtTest</a></td></tr><tr class="passedeven"><td><a href="#m43">radioMessageTest</a></td><td rowspan="1">1622667507626</td><td rowspan="1">2320</td></tr><tr class="passedeven"><td><a href="#m44">resetBtnTest</a></td><td rowspan="1">1622667514353</td><td rowspan="1">2384</td></tr><tr class="passedeven"><td><a href="#m45">resultsTest</a></td><td rowspan="1">1622667509949</td><td rowspan="1">4402</td></tr><tr class="passedodd"><td rowspan="9">testcases.CloseAccountPageTest</td><td><a href="#m46">cashRadioBtnTest</a></td><td rowspan="1">1622667531568</td><td rowspan="1">2251</td></tr><tr class="passedodd"><td><a href="#m47">closeDepositBtnTest</a></td><td rowspan="1">1622667538329</td><td rowspan="1">4862</td></tr><tr class="passedodd"><td><a href="#m48">dropDownSelectionTest</a></td><td rowspan="1">1622667525011</td><td rowspan="1">2217</td></tr><tr class="passedodd"><td><a href="#m49">goToPageTest</a></td><td rowspan="1">1622667521231</td><td rowspan="1">2505</td></tr><tr class="passedodd"><td><a href="#m50">iebiRadioBtnTest</a></td><td rowspan="1">1622667533820</td><td rowspan="1">2233</td></tr><tr class="passedodd"><td><a href="#m51">loadingPageElementsTest</a></td><td rowspan="1">1622667523737</td><td rowspan="1">1032</td></tr><tr class="passedodd"><td><a href="#m52">otherBankRadioBtnTest</a></td><td rowspan="1">1622667536054</td><td rowspan="1">2274</td></tr><tr class="passedodd"><td><a href="#m53">populateDropDownTest</a></td><td rowspan="1">1622667524771</td><td rowspan="1">239</td></tr><tr class="passedodd"><td><a href="#m54">transferModeTest</a></td><td rowspan="1">1622667527230</td><td rowspan="1">4336</td></tr><tr class="passedeven"><td rowspan="7">testcases.LoginPageTest</td><td><a href="#m55">forgotPasswordTest</a></td><td rowspan="1">1622667455400</td><td rowspan="1">1055</td></tr><tr class="passedeven"><td><a href="#m56">invalidUserMessageTest</a></td><td rowspan="2">1622667458623</td><td rowspan="2">6243</td></tr><tr class="passedeven"><td><a href="#m57">invalidUserMessageTest</a></td></tr><tr class="passedeven"><td><a href="#m58">loginTest</a></td><td rowspan="2">1622667466579</td><td rowspan="2">942</td></tr><tr class="passedeven"><td><a href="#m59">loginTest</a></td></tr><tr class="passedeven"><td><a href="#m60">logoutTest</a></td><td rowspan="1">1622667469075</td><td rowspan="1">822</td></tr><tr class="passedeven"><td><a href="#m61">signUpTest</a></td><td rowspan="1">1622667457012</td><td rowspan="1">1107</td></tr></tbody>
</table>
<h2>ChromeTest</h2><h3 id="m0">testcases.CalculatorPageTest#teardown</h3><table class="result"><tr><th>Exception</th></tr><tr><td><div class="stacktrace">java.lang.AssertionError: The following asserts failed:
	Page did not display invalid recurring deposit amount message. expected [true] but found [false],
	Page did not display invalid terms amount message. expected [true] but found [false],
	Page did not display calculated amount. expected [true] but found [false]
	at testcases.CalculatorPageTest.teardown(CalculatorPageTest.java:154)
	at java.base/java.util.ArrayList.forEach(ArrayList.java:1541)
... Removed 27 stack frames</div></td></tr></table><p class="totop"><a href="#summary">back to summary</a></p>
<h3 id="m1">testcases.CloseAccountPageTest#teardown</h3><table class="result"><tr><th>Exception</th></tr><tr><td><div class="stacktrace">java.lang.AssertionError: The following asserts failed:
	Dropdowns were not populated with options. expected [true] but found [false],
	Dropdown did not make a correct selection. expected [true] but found [false],
	Clicking cash radio button did not disable close button. expected [true] but found [false],
	Clicking IEBI radio button did not display correct elements. expected [true] but found [false],
	Clicking other radio button did not display correct elements. expected [true] but found [false],
	Page did not display message verifying request submitted. expected [true] but found [false]
	at testcases.CloseAccountPageTest.teardown(CloseAccountPageTest.java:102)
	at java.base/java.util.ArrayList.forEach(ArrayList.java:1541)
... Removed 27 stack frames</div></td></tr></table><p class="totop"><a href="#summary">back to summary</a></p>
<h3 id="m2">testcases.LoginPageTest#teardown</h3><table class="result"><tr><th>Exception</th></tr><tr><td><div class="stacktrace">java.lang.AssertionError: The following asserts failed:
	Invalid user message was not displayed. expected [true] but found [false]
	at testcases.LoginPageTest.teardown(LoginPageTest.java:88)
	at java.base/java.util.ArrayList.forEach(ArrayList.java:1541)
... Removed 27 stack frames</div></td></tr></table><p class="totop"><a href="#summary">back to summary</a></p>
<h3 id="m3">testcases.CloseAccountPageTest#resetBtnTest</h3><table class="result"><tr><th>Exception</th></tr><tr><td><div class="stacktrace">org.openqa.selenium.NoSuchElementException: no such element: Unable to locate element: {&quot;method&quot;:&quot;css selector&quot;,&quot;selector&quot;:&quot;#body_cph_Deposit_rbtnTransferType_0&quot;}
  (Session info: chrome=90.0.4430.212)
For documentation on this error, please visit: https://www.seleniumhq.org/exceptions/no_such_element.html
Build info: version: &apos;3.141.59&apos;, revision: &apos;e82be7d358&apos;, time: &apos;2018-11-14T08:17:03&apos;
System info: host: &apos;USABOS391884L&apos;, ip: &apos;192.168.1.81&apos;, os.name: &apos;Windows 10&apos;, os.arch: &apos;amd64&apos;, os.version: &apos;10.0&apos;, java.version: &apos;11.0.11&apos;
Driver info: org.openqa.selenium.chrome.ChromeDriver
Capabilities {acceptInsecureCerts: false, browserName: chrome, browserVersion: 90.0.4430.212, chrome: {chromedriverVersion: 89.0.4389.23 (61b08ee2c5002..., userDataDir: C:\Users\aris.carroll\AppDa...}, goog:chromeOptions: {debuggerAddress: localhost:56420}, javascriptEnabled: true, networkConnectionEnabled: false, pageLoadStrategy: normal, platform: WINDOWS, platformName: WINDOWS, proxy: Proxy(), setWindowRect: true, strictFileInteractability: false, timeouts: {implicit: 0, pageLoad: 300000, script: 30000}, unhandledPromptBehavior: dismiss and notify, webauthn:extension:largeBlob: true, webauthn:virtualAuthenticators: true}
Session ID: b3a9de5b862b4f317f6e3b1201142aa6
*** Element info: {Using=id, value=body_cph_Deposit_rbtnTransferType_0}
	at org.openqa.selenium.remote.http.W3CHttpResponseCodec.createException(W3CHttpResponseCodec.java:187)
	at org.openqa.selenium.remote.http.W3CHttpResponseCodec.decode(W3CHttpResponseCodec.java:122)
	at org.openqa.selenium.remote.http.W3CHttpResponseCodec.decode(W3CHttpResponseCodec.java:49)
	at org.openqa.selenium.remote.HttpCommandExecutor.execute(HttpCommandExecutor.java:158)
	at org.openqa.selenium.remote.service.DriverCommandExecutor.execute(DriverCommandExecutor.java:83)
	at org.openqa.selenium.remote.RemoteWebDriver.execute(RemoteWebDriver.java:552)
	at org.openqa.selenium.remote.RemoteWebDriver.findElement(RemoteWebDriver.java:323)
	at org.openqa.selenium.remote.RemoteWebDriver.findElementById(RemoteWebDriver.java:372)
	at org.openqa.selenium.By$ById.findElement(By.java:188)
	at org.openqa.selenium.remote.RemoteWebDriver.findElement(RemoteWebDriver.java:315)
	at pageObjects.CloseAccountPage.verifyResetBtn(CloseAccountPage.java:167)
	at testcases.CloseAccountPageTest.resetBtnTest(CloseAccountPageTest.java:95)
	at java.base/java.util.ArrayList.forEach(ArrayList.java:1541)
... Removed 31 stack frames</div></td></tr></table><p class="totop"><a href="#summary">back to summary</a></p>
<h3 id="m4">testcases.CalculatorPageTest#emptyDepositAmtTest</h3><table class="result"><tr><th class="invisible"/></tr></table><p class="totop"><a href="#summary">back to summary</a></p>
<h3 id="m5">testcases.CalculatorPageTest#emptyTermsTest</h3><table class="result"><tr><th class="invisible"/></tr></table><p class="totop"><a href="#summary">back to summary</a></p>
<h3 id="m6">testcases.CalculatorPageTest#goToCalculatorPageTest</h3><table class="result"><tr><th class="invisible"/></tr></table><p class="totop"><a href="#summary">back to summary</a></p>
<h3 id="m7">testcases.CalculatorPageTest#invalidFixedDepositAmtTest</h3><table class="result"><tr><th class="invisible"/></tr></table><p class="totop"><a href="#summary">back to summary</a></p>
<h3 id="m8">testcases.CalculatorPageTest#invalidRecurringDepositAmtTest</h3><table class="result"><tr><th class="invisible"/></tr></table><p class="totop"><a href="#summary">back to summary</a></p>
<h3 id="m9">testcases.CalculatorPageTest#invalidTermsAmtTest</h3><table class="result"><tr class="param"><th>Parameter #1</th><th>Parameter #2</th></tr><tr class="param stripe"><td>10000</td><td>15</td></tr></table><p class="totop"><a href="#summary">back to summary</a></p>
<h3 id="m10">testcases.CalculatorPageTest#invalidTermsAmtTest</h3><table class="result"><tr class="param"><th>Parameter #1</th><th>Parameter #2</th></tr><tr class="param stripe"><td>10000</td><td>36</td></tr></table><p class="totop"><a href="#summary">back to summary</a></p>
<h3 id="m11">testcases.CalculatorPageTest#invalidTermsAmtTest</h3><table class="result"><tr class="param"><th>Parameter #1</th><th>Parameter #2</th></tr><tr class="param stripe"><td>10000</td><td>0</td></tr></table><p class="totop"><a href="#summary">back to summary</a></p>
<h3 id="m12">testcases.CalculatorPageTest#radioMessageTest</h3><table class="result"><tr><th class="invisible"/></tr></table><p class="totop"><a href="#summary">back to summary</a></p>
<h3 id="m13">testcases.CalculatorPageTest#resetBtnTest</h3><table class="result"><tr><th class="invisible"/></tr></table><p class="totop"><a href="#summary">back to summary</a></p>
<h3 id="m14">testcases.CalculatorPageTest#resultsTest</h3><table class="result"><tr><th class="invisible"/></tr></table><p class="totop"><a href="#summary">back to summary</a></p>
<h3 id="m15">testcases.CloseAccountPageTest#cashRadioBtnTest</h3><table class="result"><tr><th class="invisible"/></tr></table><p class="totop"><a href="#summary">back to summary</a></p>
<h3 id="m16">testcases.CloseAccountPageTest#closeDepositBtnTest</h3><table class="result"><tr><th class="invisible"/></tr></table><p class="totop"><a href="#summary">back to summary</a></p>
<h3 id="m17">testcases.CloseAccountPageTest#dropDownSelectionTest</h3><table class="result"><tr><th class="invisible"/></tr></table><p class="totop"><a href="#summary">back to summary</a></p>
<h3 id="m18">testcases.CloseAccountPageTest#goToPageTest</h3><table class="result"><tr><th class="invisible"/></tr></table><p class="totop"><a href="#summary">back to summary</a></p>
<h3 id="m19">testcases.CloseAccountPageTest#iebiRadioBtnTest</h3><table class="result"><tr><th class="invisible"/></tr></table><p class="totop"><a href="#summary">back to summary</a></p>
<h3 id="m20">testcases.CloseAccountPageTest#loadingPageElementsTest</h3><table class="result"><tr><th class="invisible"/></tr></table><p class="totop"><a href="#summary">back to summary</a></p>
<h3 id="m21">testcases.CloseAccountPageTest#otherBankRadioBtnTest</h3><table class="result"><tr><th class="invisible"/></tr></table><p class="totop"><a href="#summary">back to summary</a></p>
<h3 id="m22">testcases.CloseAccountPageTest#populateDropDownTest</h3><table class="result"><tr><th class="invisible"/></tr></table><p class="totop"><a href="#summary">back to summary</a></p>
<h3 id="m23">testcases.CloseAccountPageTest#transferModeTest</h3><table class="result"><tr><th class="invisible"/></tr></table><p class="totop"><a href="#summary">back to summary</a></p>
<h3 id="m24">testcases.LoginPageTest#forgotPasswordTest</h3><table class="result"><tr><th class="invisible"/></tr></table><p class="totop"><a href="#summary">back to summary</a></p>
<h3 id="m25">testcases.LoginPageTest#invalidUserMessageTest</h3><table class="result"><tr class="param"><th>Parameter #1</th><th>Parameter #2</th></tr><tr class="param stripe"><td>aris</td><td>aris@123</td></tr></table><p class="totop"><a href="#summary">back to summary</a></p>
<h3 id="m26">testcases.LoginPageTest#invalidUserMessageTest</h3><table class="result"><tr class="param"><th>Parameter #1</th><th>Parameter #2</th></tr><tr class="param stripe"><td>donhere</td><td>don@123</td></tr></table><p class="totop"><a href="#summary">back to summary</a></p>
<h3 id="m27">testcases.LoginPageTest#loginTest</h3><table class="result"><tr class="param"><th>Parameter #1</th><th>Parameter #2</th></tr><tr class="param stripe"><td>donhere</td><td>don@123</td></tr></table><p class="totop"><a href="#summary">back to summary</a></p>
<h3 id="m28">testcases.LoginPageTest#loginTest</h3><table class="result"><tr class="param"><th>Parameter #1</th><th>Parameter #2</th></tr><tr class="param stripe"><td>aris</td><td>aris@123</td></tr></table><p class="totop"><a href="#summary">back to summary</a></p>
<h3 id="m29">testcases.LoginPageTest#logoutTest</h3><table class="result"><tr><th class="invisible"/></tr></table><p class="totop"><a href="#summary">back to summary</a></p>
<h3 id="m30">testcases.LoginPageTest#signUpTest</h3><table class="result"><tr><th class="invisible"/></tr></table><p class="totop"><a href="#summary">back to summary</a></p>
<h2>EdgeTest</h2><h3 id="m31">testcases.CalculatorPageTest#teardown</h3><table class="result"><tr><th>Exception</th></tr><tr><td><div class="stacktrace">java.lang.AssertionError: The following asserts failed:
	Page did not display invalid recurring deposit amount message. expected [true] but found [false],
	Page did not display invalid terms amount message. expected [true] but found [false],
	Page did not display calculated amount. expected [true] but found [false]
	at testcases.CalculatorPageTest.teardown(CalculatorPageTest.java:154)
	at java.base/java.util.ArrayList.forEach(ArrayList.java:1541)
... Removed 27 stack frames</div></td></tr></table><p class="totop"><a href="#summary">back to summary</a></p>
<h3 id="m32">testcases.CloseAccountPageTest#teardown</h3><table class="result"><tr><th>Exception</th></tr><tr><td><div class="stacktrace">java.lang.AssertionError: The following asserts failed:
	Dropdowns were not populated with options. expected [true] but found [false],
	Dropdown did not make a correct selection. expected [true] but found [false],
	Clicking cash radio button did not disable close button. expected [true] but found [false],
	Clicking IEBI radio button did not display correct elements. expected [true] but found [false],
	Clicking other radio button did not display correct elements. expected [true] but found [false],
	Page did not display message verifying request submitted. expected [true] but found [false]
	at testcases.CloseAccountPageTest.teardown(CloseAccountPageTest.java:102)
	at java.base/java.util.ArrayList.forEach(ArrayList.java:1541)
... Removed 27 stack frames</div></td></tr></table><p class="totop"><a href="#summary">back to summary</a></p>
<h3 id="m33">testcases.LoginPageTest#teardown</h3><table class="result"><tr><th>Exception</th></tr><tr><td><div class="stacktrace">java.lang.AssertionError: The following asserts failed:
	Invalid user message was not displayed. expected [true] but found [false]
	at testcases.LoginPageTest.teardown(LoginPageTest.java:88)
	at java.base/java.util.ArrayList.forEach(ArrayList.java:1541)
... Removed 27 stack frames</div></td></tr></table><p class="totop"><a href="#summary">back to summary</a></p>
<h3 id="m34">testcases.CloseAccountPageTest#resetBtnTest</h3><table class="result"><tr><th>Exception</th></tr><tr><td><div class="stacktrace">org.openqa.selenium.NoSuchElementException: no such element: Unable to locate element: {&quot;method&quot;:&quot;css selector&quot;,&quot;selector&quot;:&quot;#body_cph_Deposit_rbtnTransferType_0&quot;}
  (Session info: MicrosoftEdge=90.0.818.66)
For documentation on this error, please visit: https://www.seleniumhq.org/exceptions/no_such_element.html
Build info: version: &apos;3.141.59&apos;, revision: &apos;e82be7d358&apos;, time: &apos;2018-11-14T08:17:03&apos;
System info: host: &apos;USABOS391884L&apos;, ip: &apos;192.168.1.81&apos;, os.name: &apos;Windows 10&apos;, os.arch: &apos;amd64&apos;, os.version: &apos;10.0&apos;, java.version: &apos;11.0.11&apos;
Driver info: org.openqa.selenium.edge.EdgeDriver
Capabilities {acceptInsecureCerts: false, browserName: msedge, browserVersion: 90.0.818.66, javascriptEnabled: true, ms:edgeOptions: {debuggerAddress: localhost:56538}, msedge: {msedgedriverVersion: 90.0.818.51 (0ac6c7911676c0..., userDataDir: C:\Users\aris.carroll\AppDa...}, networkConnectionEnabled: false, pageLoadStrategy: normal, platform: WINDOWS, platformName: WINDOWS, proxy: Proxy(), setWindowRect: true, strictFileInteractability: false, timeouts: {implicit: 0, pageLoad: 300000, script: 30000}, unhandledPromptBehavior: dismiss and notify, webauthn:extension:largeBlob: true, webauthn:virtualAuthenticators: true}
Session ID: 82067ab3a852d4f21f3debf2322a041d
*** Element info: {Using=id, value=body_cph_Deposit_rbtnTransferType_0}
	at org.openqa.selenium.remote.http.W3CHttpResponseCodec.createException(W3CHttpResponseCodec.java:187)
	at org.openqa.selenium.remote.http.W3CHttpResponseCodec.decode(W3CHttpResponseCodec.java:122)
	at org.openqa.selenium.remote.http.W3CHttpResponseCodec.decode(W3CHttpResponseCodec.java:49)
	at org.openqa.selenium.remote.HttpCommandExecutor.execute(HttpCommandExecutor.java:158)
	at org.openqa.selenium.remote.service.DriverCommandExecutor.execute(DriverCommandExecutor.java:83)
	at org.openqa.selenium.remote.RemoteWebDriver.execute(RemoteWebDriver.java:552)
	at org.openqa.selenium.remote.RemoteWebDriver.findElement(RemoteWebDriver.java:323)
	at org.openqa.selenium.remote.RemoteWebDriver.findElementById(RemoteWebDriver.java:372)
	at org.openqa.selenium.By$ById.findElement(By.java:188)
	at org.openqa.selenium.remote.RemoteWebDriver.findElement(RemoteWebDriver.java:315)
	at pageObjects.CloseAccountPage.verifyResetBtn(CloseAccountPage.java:167)
	at testcases.CloseAccountPageTest.resetBtnTest(CloseAccountPageTest.java:95)
	at java.base/java.util.ArrayList.forEach(ArrayList.java:1541)
... Removed 31 stack frames</div></td></tr></table><p class="totop"><a href="#summary">back to summary</a></p>
<h3 id="m35">testcases.CalculatorPageTest#emptyDepositAmtTest</h3><table class="result"><tr><th class="invisible"/></tr></table><p class="totop"><a href="#summary">back to summary</a></p>
<h3 id="m36">testcases.CalculatorPageTest#emptyTermsTest</h3><table class="result"><tr><th class="invisible"/></tr></table><p class="totop"><a href="#summary">back to summary</a></p>
<h3 id="m37">testcases.CalculatorPageTest#goToCalculatorPageTest</h3><table class="result"><tr><th class="invisible"/></tr></table><p class="totop"><a href="#summary">back to summary</a></p>
<h3 id="m38">testcases.CalculatorPageTest#invalidFixedDepositAmtTest</h3><table class="result"><tr><th class="invisible"/></tr></table><p class="totop"><a href="#summary">back to summary</a></p>
<h3 id="m39">testcases.CalculatorPageTest#invalidRecurringDepositAmtTest</h3><table class="result"><tr><th class="invisible"/></tr></table><p class="totop"><a href="#summary">back to summary</a></p>
<h3 id="m40">testcases.CalculatorPageTest#invalidTermsAmtTest</h3><table class="result"><tr class="param"><th>Parameter #1</th><th>Parameter #2</th></tr><tr class="param stripe"><td>10000</td><td>0</td></tr></table><p class="totop"><a href="#summary">back to summary</a></p>
<h3 id="m41">testcases.CalculatorPageTest#invalidTermsAmtTest</h3><table class="result"><tr class="param"><th>Parameter #1</th><th>Parameter #2</th></tr><tr class="param stripe"><td>10000</td><td>15</td></tr></table><p class="totop"><a href="#summary">back to summary</a></p>
<h3 id="m42">testcases.CalculatorPageTest#invalidTermsAmtTest</h3><table class="result"><tr class="param"><th>Parameter #1</th><th>Parameter #2</th></tr><tr class="param stripe"><td>10000</td><td>36</td></tr></table><p class="totop"><a href="#summary">back to summary</a></p>
<h3 id="m43">testcases.CalculatorPageTest#radioMessageTest</h3><table class="result"><tr><th class="invisible"/></tr></table><p class="totop"><a href="#summary">back to summary</a></p>
<h3 id="m44">testcases.CalculatorPageTest#resetBtnTest</h3><table class="result"><tr><th class="invisible"/></tr></table><p class="totop"><a href="#summary">back to summary</a></p>
<h3 id="m45">testcases.CalculatorPageTest#resultsTest</h3><table class="result"><tr><th class="invisible"/></tr></table><p class="totop"><a href="#summary">back to summary</a></p>
<h3 id="m46">testcases.CloseAccountPageTest#cashRadioBtnTest</h3><table class="result"><tr><th class="invisible"/></tr></table><p class="totop"><a href="#summary">back to summary</a></p>
<h3 id="m47">testcases.CloseAccountPageTest#closeDepositBtnTest</h3><table class="result"><tr><th class="invisible"/></tr></table><p class="totop"><a href="#summary">back to summary</a></p>
<h3 id="m48">testcases.CloseAccountPageTest#dropDownSelectionTest</h3><table class="result"><tr><th class="invisible"/></tr></table><p class="totop"><a href="#summary">back to summary</a></p>
<h3 id="m49">testcases.CloseAccountPageTest#goToPageTest</h3><table class="result"><tr><th class="invisible"/></tr></table><p class="totop"><a href="#summary">back to summary</a></p>
<h3 id="m50">testcases.CloseAccountPageTest#iebiRadioBtnTest</h3><table class="result"><tr><th class="invisible"/></tr></table><p class="totop"><a href="#summary">back to summary</a></p>
<h3 id="m51">testcases.CloseAccountPageTest#loadingPageElementsTest</h3><table class="result"><tr><th class="invisible"/></tr></table><p class="totop"><a href="#summary">back to summary</a></p>
<h3 id="m52">testcases.CloseAccountPageTest#otherBankRadioBtnTest</h3><table class="result"><tr><th class="invisible"/></tr></table><p class="totop"><a href="#summary">back to summary</a></p>
<h3 id="m53">testcases.CloseAccountPageTest#populateDropDownTest</h3><table class="result"><tr><th class="invisible"/></tr></table><p class="totop"><a href="#summary">back to summary</a></p>
<h3 id="m54">testcases.CloseAccountPageTest#transferModeTest</h3><table class="result"><tr><th class="invisible"/></tr></table><p class="totop"><a href="#summary">back to summary</a></p>
<h3 id="m55">testcases.LoginPageTest#forgotPasswordTest</h3><table class="result"><tr><th class="invisible"/></tr></table><p class="totop"><a href="#summary">back to summary</a></p>
<h3 id="m56">testcases.LoginPageTest#invalidUserMessageTest</h3><table class="result"><tr class="param"><th>Parameter #1</th><th>Parameter #2</th></tr><tr class="param stripe"><td>donhere</td><td>don@123</td></tr></table><p class="totop"><a href="#summary">back to summary</a></p>
<h3 id="m57">testcases.LoginPageTest#invalidUserMessageTest</h3><table class="result"><tr class="param"><th>Parameter #1</th><th>Parameter #2</th></tr><tr class="param stripe"><td>aris</td><td>aris@123</td></tr></table><p class="totop"><a href="#summary">back to summary</a></p>
<h3 id="m58">testcases.LoginPageTest#loginTest</h3><table class="result"><tr class="param"><th>Parameter #1</th><th>Parameter #2</th></tr><tr class="param stripe"><td>donhere</td><td>don@123</td></tr></table><p class="totop"><a href="#summary">back to summary</a></p>
<h3 id="m59">testcases.LoginPageTest#loginTest</h3><table class="result"><tr class="param"><th>Parameter #1</th><th>Parameter #2</th></tr><tr class="param stripe"><td>aris</td><td>aris@123</td></tr></table><p class="totop"><a href="#summary">back to summary</a></p>
<h3 id="m60">testcases.LoginPageTest#logoutTest</h3><table class="result"><tr><th class="invisible"/></tr></table><p class="totop"><a href="#summary">back to summary</a></p>
<h3 id="m61">testcases.LoginPageTest#signUpTest</h3><table class="result"><tr><th class="invisible"/></tr></table><p class="totop"><a href="#summary">back to summary</a></p>
</body>
</html>
