<?xml version="1.0" encoding="UTF-8"?>
<testng-results ignored="0" total="56" passed="54" failed="2" skipped="0">
  <reporter-output>
  </reporter-output>
  <suite started-at="2021-06-02T16:55:45 EDT" name="Suite" finished-at="2021-06-02T16:59:13 EDT" duration-ms="208143">
    <groups>
    </groups>
    <test started-at="2021-06-02T16:55:45 EDT" name="ChromeTest" finished-at="2021-06-02T16:57:31 EDT" duration-ms="105363">
      <class name="testcases.CalculatorPageTest">
        <test-method is-config="true" signature="setup(java.lang.String, java.lang.String)[pri:0, instance:testcases.CalculatorPageTest@55536d9e]" started-at="2021-06-02T16:56:06 EDT" name="setup" finished-at="2021-06-02T16:56:10 EDT" duration-ms="4090" status="PASS">
          <params>
            <param index="0">
              <value>
                <![CDATA[chrome]]>
              </value>
            </param>
            <param index="1">
              <value>
                <![CDATA[http://10.82.180.36/Common/Login.aspx]]>
              </value>
            </param>
          </params>
          <reporter-output>
          </reporter-output>
        </test-method> <!-- setup -->
        <test-method signature="goToCalculatorPageTest()[pri:-1, instance:testcases.CalculatorPageTest@55536d9e]" started-at="2021-06-02T16:56:10 EDT" name="goToCalculatorPageTest" finished-at="2021-06-02T16:56:15 EDT" duration-ms="4865" status="PASS">
          <reporter-output>
          </reporter-output>
        </test-method> <!-- goToCalculatorPageTest -->
        <test-method signature="emptyDepositAmtTest()[pri:0, instance:testcases.CalculatorPageTest@55536d9e]" started-at="2021-06-02T16:56:15 EDT" name="emptyDepositAmtTest" finished-at="2021-06-02T16:56:17 EDT" duration-ms="2342" status="PASS">
          <reporter-output>
          </reporter-output>
        </test-method> <!-- emptyDepositAmtTest -->
        <test-method signature="emptyTermsTest()[pri:0, instance:testcases.CalculatorPageTest@55536d9e]" started-at="2021-06-02T16:56:17 EDT" name="emptyTermsTest" finished-at="2021-06-02T16:56:19 EDT" duration-ms="2290" status="PASS">
          <reporter-output>
          </reporter-output>
        </test-method> <!-- emptyTermsTest -->
        <test-method signature="invalidFixedDepositAmtTest()[pri:0, instance:testcases.CalculatorPageTest@55536d9e]" started-at="2021-06-02T16:56:19 EDT" name="invalidFixedDepositAmtTest" finished-at="2021-06-02T16:56:24 EDT" duration-ms="4421" status="PASS">
          <reporter-output>
          </reporter-output>
        </test-method> <!-- invalidFixedDepositAmtTest -->
        <test-method signature="invalidRecurringDepositAmtTest()[pri:0, instance:testcases.CalculatorPageTest@55536d9e]" started-at="2021-06-02T16:56:24 EDT" name="invalidRecurringDepositAmtTest" finished-at="2021-06-02T16:56:31 EDT" duration-ms="7419" status="PASS">
          <reporter-output>
          </reporter-output>
        </test-method> <!-- invalidRecurringDepositAmtTest -->
        <test-method signature="invalidTermsAmtTest(long, int)[pri:0, instance:testcases.CalculatorPageTest@55536d9e]" started-at="2021-06-02T16:56:31 EDT" name="invalidTermsAmtTest" data-provider="termParameters" finished-at="2021-06-02T16:56:39 EDT" duration-ms="7389" status="PASS">
          <params>
            <param index="0">
              <value>
                <![CDATA[10000]]>
              </value>
            </param>
            <param index="1">
              <value>
                <![CDATA[15]]>
              </value>
            </param>
          </params>
          <reporter-output>
          </reporter-output>
        </test-method> <!-- invalidTermsAmtTest -->
        <test-method signature="invalidTermsAmtTest(long, int)[pri:0, instance:testcases.CalculatorPageTest@55536d9e]" started-at="2021-06-02T16:56:39 EDT" name="invalidTermsAmtTest" data-provider="termParameters" finished-at="2021-06-02T16:56:41 EDT" duration-ms="2329" status="PASS">
          <params>
            <param index="0">
              <value>
                <![CDATA[10000]]>
              </value>
            </param>
            <param index="1">
              <value>
                <![CDATA[0]]>
              </value>
            </param>
          </params>
          <reporter-output>
          </reporter-output>
        </test-method> <!-- invalidTermsAmtTest -->
        <test-method signature="invalidTermsAmtTest(long, int)[pri:0, instance:testcases.CalculatorPageTest@55536d9e]" started-at="2021-06-02T16:56:41 EDT" name="invalidTermsAmtTest" data-provider="termParameters" finished-at="2021-06-02T16:56:43 EDT" duration-ms="2348" status="PASS">
          <params>
            <param index="0">
              <value>
                <![CDATA[10000]]>
              </value>
            </param>
            <param index="1">
              <value>
                <![CDATA[36]]>
              </value>
            </param>
          </params>
          <reporter-output>
          </reporter-output>
        </test-method> <!-- invalidTermsAmtTest -->
        <test-method signature="radioMessageTest()[pri:0, instance:testcases.CalculatorPageTest@55536d9e]" started-at="2021-06-02T16:56:43 EDT" name="radioMessageTest" finished-at="2021-06-02T16:56:46 EDT" duration-ms="2347" status="PASS">
          <reporter-output>
          </reporter-output>
        </test-method> <!-- radioMessageTest -->
        <test-method signature="resultsTest()[pri:0, instance:testcases.CalculatorPageTest@55536d9e]" started-at="2021-06-02T16:56:46 EDT" name="resultsTest" finished-at="2021-06-02T16:56:50 EDT" duration-ms="4404" status="PASS">
          <reporter-output>
          </reporter-output>
        </test-method> <!-- resultsTest -->
        <test-method signature="resetBtnTest()[pri:1, instance:testcases.CalculatorPageTest@55536d9e]" started-at="2021-06-02T16:56:50 EDT" name="resetBtnTest" finished-at="2021-06-02T16:56:52 EDT" duration-ms="2428" status="PASS">
          <reporter-output>
          </reporter-output>
        </test-method> <!-- resetBtnTest -->
        <test-method is-config="true" signature="teardown()[pri:0, instance:testcases.CalculatorPageTest@55536d9e]" started-at="2021-06-02T16:56:52 EDT" name="teardown" finished-at="2021-06-02T16:56:54 EDT" duration-ms="1361" status="FAIL">
          <exception class="java.lang.AssertionError">
            <message>
              <![CDATA[The following asserts failed:
Page did not display invalid recurring deposit amount message. expected [true] but found [false],
Page did not display invalid terms amount message. expected [true] but found [false],
Page did not display calculated amount. expected [true] but found [false]]]>
            </message>
            <full-stacktrace>
              <![CDATA[java.lang.AssertionError: The following asserts failed:
Page did not display invalid recurring deposit amount message. expected [true] but found [false],
Page did not display invalid terms amount message. expected [true] but found [false],
Page did not display calculated amount. expected [true] but found [false]
at org.testng.asserts.SoftAssert.assertAll(SoftAssert.java:47)
at org.testng.asserts.SoftAssert.assertAll(SoftAssert.java:31)
at testcases.CalculatorPageTest.teardown(CalculatorPageTest.java:154)
at java.base/jdk.internal.reflect.NativeMethodAccessorImpl.invoke0(Native Method)
at java.base/jdk.internal.reflect.NativeMethodAccessorImpl.invoke(NativeMethodAccessorImpl.java:62)
at java.base/jdk.internal.reflect.DelegatingMethodAccessorImpl.invoke(DelegatingMethodAccessorImpl.java:43)
at java.base/java.lang.reflect.Method.invoke(Method.java:566)
at org.testng.internal.MethodInvocationHelper.invokeMethod(MethodInvocationHelper.java:132)
at org.testng.internal.MethodInvocationHelper.invokeMethodConsideringTimeout(MethodInvocationHelper.java:61)
at org.testng.internal.ConfigInvoker.invokeConfigurationMethod(ConfigInvoker.java:366)
at org.testng.internal.ConfigInvoker.invokeConfigurations(ConfigInvoker.java:320)
at org.testng.internal.TestMethodWorker.invokeAfterClassMethods(TestMethodWorker.java:217)
at org.testng.internal.TestMethodWorker.run(TestMethodWorker.java:130)
at java.base/java.util.ArrayList.forEach(ArrayList.java:1541)
at org.testng.TestRunner.privateRun(TestRunner.java:764)
at org.testng.TestRunner.run(TestRunner.java:585)
at org.testng.SuiteRunner.runTest(SuiteRunner.java:384)
at org.testng.SuiteRunner.runSequentially(SuiteRunner.java:378)
at org.testng.SuiteRunner.privateRun(SuiteRunner.java:337)
at org.testng.SuiteRunner.run(SuiteRunner.java:286)
at org.testng.SuiteRunnerWorker.runSuite(SuiteRunnerWorker.java:53)
at org.testng.SuiteRunnerWorker.run(SuiteRunnerWorker.java:96)
at org.testng.TestNG.runSuitesSequentially(TestNG.java:1218)
at org.testng.TestNG.runSuitesLocally(TestNG.java:1140)
at org.testng.TestNG.runSuites(TestNG.java:1069)
at org.testng.TestNG.run(TestNG.java:1037)
at org.testng.remote.AbstractRemoteTestNG.run(AbstractRemoteTestNG.java:115)
at org.testng.remote.RemoteTestNG.initAndRun(RemoteTestNG.java:251)
at org.testng.remote.RemoteTestNG.main(RemoteTestNG.java:77)
]]>
            </full-stacktrace>
          </exception> <!-- java.lang.AssertionError -->
          <reporter-output>
          </reporter-output>
        </test-method> <!-- teardown -->
      </class> <!-- testcases.CalculatorPageTest -->
      <class name="testcases.CloseAccountPageTest">
        <test-method is-config="true" signature="setup(java.lang.String, java.lang.String)[pri:0, instance:testcases.CloseAccountPageTest@747edf66]" started-at="2021-06-02T16:56:54 EDT" name="setup" finished-at="2021-06-02T16:56:57 EDT" duration-ms="3638" status="PASS">
          <params>
            <param index="0">
              <value>
                <![CDATA[chrome]]>
              </value>
            </param>
            <param index="1">
              <value>
                <![CDATA[http://10.82.180.36/Common/Login.aspx]]>
              </value>
            </param>
          </params>
          <reporter-output>
          </reporter-output>
        </test-method> <!-- setup -->
        <test-method signature="goToPageTest()[pri:0, instance:testcases.CloseAccountPageTest@747edf66]" started-at="2021-06-02T16:56:57 EDT" name="goToPageTest" finished-at="2021-06-02T16:57:00 EDT" duration-ms="2430" status="PASS">
          <reporter-output>
          </reporter-output>
        </test-method> <!-- goToPageTest -->
        <test-method signature="loadingPageElementsTest()[pri:1, instance:testcases.CloseAccountPageTest@747edf66]" started-at="2021-06-02T16:57:00 EDT" name="loadingPageElementsTest" finished-at="2021-06-02T16:57:01 EDT" duration-ms="991" status="PASS">
          <reporter-output>
          </reporter-output>
        </test-method> <!-- loadingPageElementsTest -->
        <test-method signature="populateDropDownTest()[pri:2, instance:testcases.CloseAccountPageTest@747edf66]" started-at="2021-06-02T16:57:01 EDT" name="populateDropDownTest" finished-at="2021-06-02T16:57:01 EDT" duration-ms="204" status="PASS">
          <reporter-output>
          </reporter-output>
        </test-method> <!-- populateDropDownTest -->
        <test-method signature="dropDownSelectionTest()[pri:3, instance:testcases.CloseAccountPageTest@747edf66]" started-at="2021-06-02T16:57:01 EDT" name="dropDownSelectionTest" finished-at="2021-06-02T16:57:03 EDT" duration-ms="2263" status="PASS">
          <reporter-output>
          </reporter-output>
        </test-method> <!-- dropDownSelectionTest -->
        <test-method signature="transferModeTest()[pri:4, instance:testcases.CloseAccountPageTest@747edf66]" started-at="2021-06-02T16:57:03 EDT" name="transferModeTest" finished-at="2021-06-02T16:57:08 EDT" duration-ms="4339" status="PASS">
          <reporter-output>
          </reporter-output>
        </test-method> <!-- transferModeTest -->
        <test-method signature="cashRadioBtnTest()[pri:5, instance:testcases.CloseAccountPageTest@747edf66]" started-at="2021-06-02T16:57:08 EDT" name="cashRadioBtnTest" finished-at="2021-06-02T16:57:10 EDT" duration-ms="2235" status="PASS">
          <reporter-output>
          </reporter-output>
        </test-method> <!-- cashRadioBtnTest -->
        <test-method signature="iebiRadioBtnTest()[pri:6, instance:testcases.CloseAccountPageTest@747edf66]" started-at="2021-06-02T16:57:10 EDT" name="iebiRadioBtnTest" finished-at="2021-06-02T16:57:12 EDT" duration-ms="2249" status="PASS">
          <reporter-output>
          </reporter-output>
        </test-method> <!-- iebiRadioBtnTest -->
        <test-method signature="otherBankRadioBtnTest()[pri:7, instance:testcases.CloseAccountPageTest@747edf66]" started-at="2021-06-02T16:57:12 EDT" name="otherBankRadioBtnTest" finished-at="2021-06-02T16:57:14 EDT" duration-ms="2287" status="PASS">
          <reporter-output>
          </reporter-output>
        </test-method> <!-- otherBankRadioBtnTest -->
        <test-method signature="closeDepositBtnTest()[pri:8, instance:testcases.CloseAccountPageTest@747edf66]" started-at="2021-06-02T16:57:14 EDT" name="closeDepositBtnTest" finished-at="2021-06-02T16:57:19 EDT" duration-ms="4835" status="PASS">
          <reporter-output>
          </reporter-output>
        </test-method> <!-- closeDepositBtnTest -->
        <test-method signature="resetBtnTest()[pri:9, instance:testcases.CloseAccountPageTest@747edf66]" started-at="2021-06-02T16:57:19 EDT" name="resetBtnTest" finished-at="2021-06-02T16:57:29 EDT" duration-ms="9941" status="FAIL">
          <exception class="org.openqa.selenium.NoSuchElementException">
            <message>
              <![CDATA[no such element: Unable to locate element: {"method":"css selector","selector":"#body_cph_Deposit_rbtnTransferType_0"}
  (Session info: chrome=90.0.4430.212)
For documentation on this error, please visit: https://www.seleniumhq.org/exceptions/no_such_element.html
Build info: version: '3.141.59', revision: 'e82be7d358', time: '2018-11-14T08:17:03'
System info: host: 'USABOS391884L', ip: '192.168.1.81', os.name: 'Windows 10', os.arch: 'amd64', os.version: '10.0', java.version: '11.0.11'
Driver info: org.openqa.selenium.chrome.ChromeDriver
Capabilities {acceptInsecureCerts: false, browserName: chrome, browserVersion: 90.0.4430.212, chrome: {chromedriverVersion: 89.0.4389.23 (61b08ee2c5002..., userDataDir: C:\Users\aris.carroll\AppDa...}, goog:chromeOptions: {debuggerAddress: localhost:56420}, javascriptEnabled: true, networkConnectionEnabled: false, pageLoadStrategy: normal, platform: WINDOWS, platformName: WINDOWS, proxy: Proxy(), setWindowRect: true, strictFileInteractability: false, timeouts: {implicit: 0, pageLoad: 300000, script: 30000}, unhandledPromptBehavior: dismiss and notify, webauthn:extension:largeBlob: true, webauthn:virtualAuthenticators: true}
Session ID: b3a9de5b862b4f317f6e3b1201142aa6
*** Element info: {Using=id, value=body_cph_Deposit_rbtnTransferType_0}]]>
            </message>
            <full-stacktrace>
              <![CDATA[org.openqa.selenium.NoSuchElementException: no such element: Unable to locate element: {"method":"css selector","selector":"#body_cph_Deposit_rbtnTransferType_0"}
  (Session info: chrome=90.0.4430.212)
For documentation on this error, please visit: https://www.seleniumhq.org/exceptions/no_such_element.html
Build info: version: '3.141.59', revision: 'e82be7d358', time: '2018-11-14T08:17:03'
System info: host: 'USABOS391884L', ip: '192.168.1.81', os.name: 'Windows 10', os.arch: 'amd64', os.version: '10.0', java.version: '11.0.11'
Driver info: org.openqa.selenium.chrome.ChromeDriver
Capabilities {acceptInsecureCerts: false, browserName: chrome, browserVersion: 90.0.4430.212, chrome: {chromedriverVersion: 89.0.4389.23 (61b08ee2c5002..., userDataDir: C:\Users\aris.carroll\AppDa...}, goog:chromeOptions: {debuggerAddress: localhost:56420}, javascriptEnabled: true, networkConnectionEnabled: false, pageLoadStrategy: normal, platform: WINDOWS, platformName: WINDOWS, proxy: Proxy(), setWindowRect: true, strictFileInteractability: false, timeouts: {implicit: 0, pageLoad: 300000, script: 30000}, unhandledPromptBehavior: dismiss and notify, webauthn:extension:largeBlob: true, webauthn:virtualAuthenticators: true}
Session ID: b3a9de5b862b4f317f6e3b1201142aa6
*** Element info: {Using=id, value=body_cph_Deposit_rbtnTransferType_0}
at java.base/jdk.internal.reflect.NativeConstructorAccessorImpl.newInstance0(Native Method)
at java.base/jdk.internal.reflect.NativeConstructorAccessorImpl.newInstance(NativeConstructorAccessorImpl.java:62)
at java.base/jdk.internal.reflect.DelegatingConstructorAccessorImpl.newInstance(DelegatingConstructorAccessorImpl.java:45)
at java.base/java.lang.reflect.Constructor.newInstance(Constructor.java:490)
at org.openqa.selenium.remote.http.W3CHttpResponseCodec.createException(W3CHttpResponseCodec.java:187)
at org.openqa.selenium.remote.http.W3CHttpResponseCodec.decode(W3CHttpResponseCodec.java:122)
at org.openqa.selenium.remote.http.W3CHttpResponseCodec.decode(W3CHttpResponseCodec.java:49)
at org.openqa.selenium.remote.HttpCommandExecutor.execute(HttpCommandExecutor.java:158)
at org.openqa.selenium.remote.service.DriverCommandExecutor.execute(DriverCommandExecutor.java:83)
at org.openqa.selenium.remote.RemoteWebDriver.execute(RemoteWebDriver.java:552)
at org.openqa.selenium.remote.RemoteWebDriver.findElement(RemoteWebDriver.java:323)
at org.openqa.selenium.remote.RemoteWebDriver.findElementById(RemoteWebDriver.java:372)
at org.openqa.selenium.By$ById.findElement(By.java:188)
at org.openqa.selenium.remote.RemoteWebDriver.findElement(RemoteWebDriver.java:315)
at pageObjects.CloseAccountPage.verifyResetBtn(CloseAccountPage.java:167)
at testcases.CloseAccountPageTest.resetBtnTest(CloseAccountPageTest.java:95)
at java.base/jdk.internal.reflect.NativeMethodAccessorImpl.invoke0(Native Method)
at java.base/jdk.internal.reflect.NativeMethodAccessorImpl.invoke(NativeMethodAccessorImpl.java:62)
at java.base/jdk.internal.reflect.DelegatingMethodAccessorImpl.invoke(DelegatingMethodAccessorImpl.java:43)
at java.base/java.lang.reflect.Method.invoke(Method.java:566)
at org.testng.internal.MethodInvocationHelper.invokeMethod(MethodInvocationHelper.java:132)
at org.testng.internal.TestInvoker.invokeMethod(TestInvoker.java:599)
at org.testng.internal.TestInvoker.invokeTestMethod(TestInvoker.java:174)
at org.testng.internal.MethodRunner.runInSequence(MethodRunner.java:46)
at org.testng.internal.TestInvoker$MethodInvocationAgent.invoke(TestInvoker.java:822)
at org.testng.internal.TestInvoker.invokeTestMethods(TestInvoker.java:147)
at org.testng.internal.TestMethodWorker.invokeTestMethods(TestMethodWorker.java:146)
at org.testng.internal.TestMethodWorker.run(TestMethodWorker.java:128)
at java.base/java.util.ArrayList.forEach(ArrayList.java:1541)
at org.testng.TestRunner.privateRun(TestRunner.java:764)
at org.testng.TestRunner.run(TestRunner.java:585)
at org.testng.SuiteRunner.runTest(SuiteRunner.java:384)
at org.testng.SuiteRunner.runSequentially(SuiteRunner.java:378)
at org.testng.SuiteRunner.privateRun(SuiteRunner.java:337)
at org.testng.SuiteRunner.run(SuiteRunner.java:286)
at org.testng.SuiteRunnerWorker.runSuite(SuiteRunnerWorker.java:53)
at org.testng.SuiteRunnerWorker.run(SuiteRunnerWorker.java:96)
at org.testng.TestNG.runSuitesSequentially(TestNG.java:1218)
at org.testng.TestNG.runSuitesLocally(TestNG.java:1140)
at org.testng.TestNG.runSuites(TestNG.java:1069)
at org.testng.TestNG.run(TestNG.java:1037)
at org.testng.remote.AbstractRemoteTestNG.run(AbstractRemoteTestNG.java:115)
at org.testng.remote.RemoteTestNG.initAndRun(RemoteTestNG.java:251)
at org.testng.remote.RemoteTestNG.main(RemoteTestNG.java:77)
]]>
            </full-stacktrace>
          </exception> <!-- org.openqa.selenium.NoSuchElementException -->
          <reporter-output>
          </reporter-output>
        </test-method> <!-- resetBtnTest -->
        <test-method is-config="true" signature="teardown()[pri:0, instance:testcases.CloseAccountPageTest@747edf66]" started-at="2021-06-02T16:57:29 EDT" name="teardown" finished-at="2021-06-02T16:57:31 EDT" duration-ms="1362" status="FAIL">
          <exception class="java.lang.AssertionError">
            <message>
              <![CDATA[The following asserts failed:
Dropdowns were not populated with options. expected [true] but found [false],
Dropdown did not make a correct selection. expected [true] but found [false],
Clicking cash radio button did not disable close button. expected [true] but found [false],
Clicking IEBI radio button did not display correct elements. expected [true] but found [false],
Clicking other radio button did not display correct elements. expected [true] but found [false],
Page did not display message verifying request submitted. expected [true] but found [false]]]>
            </message>
            <full-stacktrace>
              <![CDATA[java.lang.AssertionError: The following asserts failed:
Dropdowns were not populated with options. expected [true] but found [false],
Dropdown did not make a correct selection. expected [true] but found [false],
Clicking cash radio button did not disable close button. expected [true] but found [false],
Clicking IEBI radio button did not display correct elements. expected [true] but found [false],
Clicking other radio button did not display correct elements. expected [true] but found [false],
Page did not display message verifying request submitted. expected [true] but found [false]
at org.testng.asserts.SoftAssert.assertAll(SoftAssert.java:47)
at org.testng.asserts.SoftAssert.assertAll(SoftAssert.java:31)
at testcases.CloseAccountPageTest.teardown(CloseAccountPageTest.java:102)
at java.base/jdk.internal.reflect.NativeMethodAccessorImpl.invoke0(Native Method)
at java.base/jdk.internal.reflect.NativeMethodAccessorImpl.invoke(NativeMethodAccessorImpl.java:62)
at java.base/jdk.internal.reflect.DelegatingMethodAccessorImpl.invoke(DelegatingMethodAccessorImpl.java:43)
at java.base/java.lang.reflect.Method.invoke(Method.java:566)
at org.testng.internal.MethodInvocationHelper.invokeMethod(MethodInvocationHelper.java:132)
at org.testng.internal.MethodInvocationHelper.invokeMethodConsideringTimeout(MethodInvocationHelper.java:61)
at org.testng.internal.ConfigInvoker.invokeConfigurationMethod(ConfigInvoker.java:366)
at org.testng.internal.ConfigInvoker.invokeConfigurations(ConfigInvoker.java:320)
at org.testng.internal.TestMethodWorker.invokeAfterClassMethods(TestMethodWorker.java:217)
at org.testng.internal.TestMethodWorker.run(TestMethodWorker.java:130)
at java.base/java.util.ArrayList.forEach(ArrayList.java:1541)
at org.testng.TestRunner.privateRun(TestRunner.java:764)
at org.testng.TestRunner.run(TestRunner.java:585)
at org.testng.SuiteRunner.runTest(SuiteRunner.java:384)
at org.testng.SuiteRunner.runSequentially(SuiteRunner.java:378)
at org.testng.SuiteRunner.privateRun(SuiteRunner.java:337)
at org.testng.SuiteRunner.run(SuiteRunner.java:286)
at org.testng.SuiteRunnerWorker.runSuite(SuiteRunnerWorker.java:53)
at org.testng.SuiteRunnerWorker.run(SuiteRunnerWorker.java:96)
at org.testng.TestNG.runSuitesSequentially(TestNG.java:1218)
at org.testng.TestNG.runSuitesLocally(TestNG.java:1140)
at org.testng.TestNG.runSuites(TestNG.java:1069)
at org.testng.TestNG.run(TestNG.java:1037)
at org.testng.remote.AbstractRemoteTestNG.run(AbstractRemoteTestNG.java:115)
at org.testng.remote.RemoteTestNG.initAndRun(RemoteTestNG.java:251)
at org.testng.remote.RemoteTestNG.main(RemoteTestNG.java:77)
]]>
            </full-stacktrace>
          </exception> <!-- java.lang.AssertionError -->
          <reporter-output>
          </reporter-output>
        </test-method> <!-- teardown -->
      </class> <!-- testcases.CloseAccountPageTest -->
      <class name="testcases.LoginPageTest">
        <test-method is-config="true" signature="setup(java.lang.String, java.lang.String)[pri:0, instance:testcases.LoginPageTest@346d61be]" started-at="2021-06-02T16:55:45 EDT" name="setup" finished-at="2021-06-02T16:55:49 EDT" duration-ms="4120" status="PASS">
          <params>
            <param index="0">
              <value>
                <![CDATA[chrome]]>
              </value>
            </param>
            <param index="1">
              <value>
                <![CDATA[http://10.82.180.36/Common/Login.aspx]]>
              </value>
            </param>
          </params>
          <reporter-output>
          </reporter-output>
        </test-method> <!-- setup -->
        <test-method is-config="true" signature="goToLoginPage(java.lang.String)[pri:0, instance:testcases.LoginPageTest@346d61be]" started-at="2021-06-02T16:55:49 EDT" name="goToLoginPage" finished-at="2021-06-02T16:55:50 EDT" duration-ms="539" status="PASS">
          <params>
            <param index="0">
              <value>
                <![CDATA[http://10.82.180.36/Common/Login.aspx]]>
              </value>
            </param>
          </params>
          <reporter-output>
          </reporter-output>
        </test-method> <!-- goToLoginPage -->
        <test-method signature="forgotPasswordTest()[pri:1, instance:testcases.LoginPageTest@346d61be]" started-at="2021-06-02T16:55:50 EDT" name="forgotPasswordTest" finished-at="2021-06-02T16:55:51 EDT" duration-ms="987" status="PASS">
          <reporter-output>
          </reporter-output>
        </test-method> <!-- forgotPasswordTest -->
        <test-method is-config="true" signature="goToLoginPage(java.lang.String)[pri:0, instance:testcases.LoginPageTest@346d61be]" started-at="2021-06-02T16:55:51 EDT" name="goToLoginPage" finished-at="2021-06-02T16:55:51 EDT" duration-ms="525" status="PASS">
          <params>
            <param index="0">
              <value>
                <![CDATA[http://10.82.180.36/Common/Login.aspx]]>
              </value>
            </param>
          </params>
          <reporter-output>
          </reporter-output>
        </test-method> <!-- goToLoginPage -->
        <test-method signature="signUpTest()[pri:2, instance:testcases.LoginPageTest@346d61be]" started-at="2021-06-02T16:55:51 EDT" name="signUpTest" finished-at="2021-06-02T16:55:53 EDT" duration-ms="1118" status="PASS">
          <reporter-output>
          </reporter-output>
        </test-method> <!-- signUpTest -->
        <test-method is-config="true" signature="goToLoginPage(java.lang.String)[pri:0, instance:testcases.LoginPageTest@346d61be]" started-at="2021-06-02T16:55:53 EDT" name="goToLoginPage" finished-at="2021-06-02T16:55:53 EDT" duration-ms="463" status="PASS">
          <params>
            <param index="0">
              <value>
                <![CDATA[http://10.82.180.36/Common/Login.aspx]]>
              </value>
            </param>
          </params>
          <reporter-output>
          </reporter-output>
        </test-method> <!-- goToLoginPage -->
        <test-method signature="invalidUserMessageTest(java.lang.String, java.lang.String)[pri:3, instance:testcases.LoginPageTest@346d61be]" started-at="2021-06-02T16:55:53 EDT" name="invalidUserMessageTest" data-provider="loginCreds" finished-at="2021-06-02T16:55:59 EDT" duration-ms="6261" status="PASS">
          <params>
            <param index="0">
              <value>
                <![CDATA[donhere]]>
              </value>
            </param>
            <param index="1">
              <value>
                <![CDATA[don@123]]>
              </value>
            </param>
          </params>
          <reporter-output>
          </reporter-output>
        </test-method> <!-- invalidUserMessageTest -->
        <test-method is-config="true" signature="goToLoginPage(java.lang.String)[pri:0, instance:testcases.LoginPageTest@346d61be]" started-at="2021-06-02T16:55:59 EDT" name="goToLoginPage" finished-at="2021-06-02T16:56:00 EDT" duration-ms="578" status="PASS">
          <params>
            <param index="0">
              <value>
                <![CDATA[http://10.82.180.36/Common/Login.aspx]]>
              </value>
            </param>
          </params>
          <reporter-output>
          </reporter-output>
        </test-method> <!-- goToLoginPage -->
        <test-method signature="invalidUserMessageTest(java.lang.String, java.lang.String)[pri:3, instance:testcases.LoginPageTest@346d61be]" started-at="2021-06-02T16:56:00 EDT" name="invalidUserMessageTest" data-provider="loginCreds" finished-at="2021-06-02T16:56:01 EDT" duration-ms="657" status="PASS">
          <params>
            <param index="0">
              <value>
                <![CDATA[aris]]>
              </value>
            </param>
            <param index="1">
              <value>
                <![CDATA[aris@123]]>
              </value>
            </param>
          </params>
          <reporter-output>
          </reporter-output>
        </test-method> <!-- invalidUserMessageTest -->
        <test-method is-config="true" signature="goToLoginPage(java.lang.String)[pri:0, instance:testcases.LoginPageTest@346d61be]" started-at="2021-06-02T16:56:01 EDT" name="goToLoginPage" finished-at="2021-06-02T16:56:01 EDT" duration-ms="468" status="PASS">
          <params>
            <param index="0">
              <value>
                <![CDATA[http://10.82.180.36/Common/Login.aspx]]>
              </value>
            </param>
          </params>
          <reporter-output>
          </reporter-output>
        </test-method> <!-- goToLoginPage -->
        <test-method signature="loginTest(java.lang.String, java.lang.String)[pri:4, instance:testcases.LoginPageTest@346d61be]" started-at="2021-06-02T16:56:01 EDT" name="loginTest" data-provider="loginCreds" finished-at="2021-06-02T16:56:02 EDT" duration-ms="939" status="PASS">
          <params>
            <param index="0">
              <value>
                <![CDATA[donhere]]>
              </value>
            </param>
            <param index="1">
              <value>
                <![CDATA[don@123]]>
              </value>
            </param>
          </params>
          <reporter-output>
          </reporter-output>
        </test-method> <!-- loginTest -->
        <test-method is-config="true" signature="goToLoginPage(java.lang.String)[pri:0, instance:testcases.LoginPageTest@346d61be]" started-at="2021-06-02T16:56:02 EDT" name="goToLoginPage" finished-at="2021-06-02T16:56:02 EDT" duration-ms="541" status="PASS">
          <params>
            <param index="0">
              <value>
                <![CDATA[http://10.82.180.36/Common/Login.aspx]]>
              </value>
            </param>
          </params>
          <reporter-output>
          </reporter-output>
        </test-method> <!-- goToLoginPage -->
        <test-method signature="loginTest(java.lang.String, java.lang.String)[pri:4, instance:testcases.LoginPageTest@346d61be]" started-at="2021-06-02T16:56:02 EDT" name="loginTest" data-provider="loginCreds" finished-at="2021-06-02T16:56:03 EDT" duration-ms="586" status="PASS">
          <params>
            <param index="0">
              <value>
                <![CDATA[aris]]>
              </value>
            </param>
            <param index="1">
              <value>
                <![CDATA[aris@123]]>
              </value>
            </param>
          </params>
          <reporter-output>
          </reporter-output>
        </test-method> <!-- loginTest -->
        <test-method is-config="true" signature="goToLoginPage(java.lang.String)[pri:0, instance:testcases.LoginPageTest@346d61be]" started-at="2021-06-02T16:56:03 EDT" name="goToLoginPage" finished-at="2021-06-02T16:56:04 EDT" duration-ms="467" status="PASS">
          <params>
            <param index="0">
              <value>
                <![CDATA[http://10.82.180.36/Common/Login.aspx]]>
              </value>
            </param>
          </params>
          <reporter-output>
          </reporter-output>
        </test-method> <!-- goToLoginPage -->
        <test-method signature="logoutTest()[pri:5, instance:testcases.LoginPageTest@346d61be]" started-at="2021-06-02T16:56:04 EDT" name="logoutTest" finished-at="2021-06-02T16:56:04 EDT" duration-ms="784" status="PASS">
          <reporter-output>
          </reporter-output>
        </test-method> <!-- logoutTest -->
        <test-method is-config="true" signature="teardown()[pri:0, instance:testcases.LoginPageTest@346d61be]" started-at="2021-06-02T16:56:04 EDT" name="teardown" finished-at="2021-06-02T16:56:06 EDT" duration-ms="1431" status="FAIL">
          <exception class="java.lang.AssertionError">
            <message>
              <![CDATA[The following asserts failed:
Invalid user message was not displayed. expected [true] but found [false]]]>
            </message>
            <full-stacktrace>
              <![CDATA[java.lang.AssertionError: The following asserts failed:
Invalid user message was not displayed. expected [true] but found [false]
at org.testng.asserts.SoftAssert.assertAll(SoftAssert.java:47)
at org.testng.asserts.SoftAssert.assertAll(SoftAssert.java:31)
at testcases.LoginPageTest.teardown(LoginPageTest.java:88)
at java.base/jdk.internal.reflect.NativeMethodAccessorImpl.invoke0(Native Method)
at java.base/jdk.internal.reflect.NativeMethodAccessorImpl.invoke(NativeMethodAccessorImpl.java:62)
at java.base/jdk.internal.reflect.DelegatingMethodAccessorImpl.invoke(DelegatingMethodAccessorImpl.java:43)
at java.base/java.lang.reflect.Method.invoke(Method.java:566)
at org.testng.internal.MethodInvocationHelper.invokeMethod(MethodInvocationHelper.java:132)
at org.testng.internal.MethodInvocationHelper.invokeMethodConsideringTimeout(MethodInvocationHelper.java:61)
at org.testng.internal.ConfigInvoker.invokeConfigurationMethod(ConfigInvoker.java:366)
at org.testng.internal.ConfigInvoker.invokeConfigurations(ConfigInvoker.java:320)
at org.testng.internal.TestMethodWorker.invokeAfterClassMethods(TestMethodWorker.java:217)
at org.testng.internal.TestMethodWorker.run(TestMethodWorker.java:130)
at java.base/java.util.ArrayList.forEach(ArrayList.java:1541)
at org.testng.TestRunner.privateRun(TestRunner.java:764)
at org.testng.TestRunner.run(TestRunner.java:585)
at org.testng.SuiteRunner.runTest(SuiteRunner.java:384)
at org.testng.SuiteRunner.runSequentially(SuiteRunner.java:378)
at org.testng.SuiteRunner.privateRun(SuiteRunner.java:337)
at org.testng.SuiteRunner.run(SuiteRunner.java:286)
at org.testng.SuiteRunnerWorker.runSuite(SuiteRunnerWorker.java:53)
at org.testng.SuiteRunnerWorker.run(SuiteRunnerWorker.java:96)
at org.testng.TestNG.runSuitesSequentially(TestNG.java:1218)
at org.testng.TestNG.runSuitesLocally(TestNG.java:1140)
at org.testng.TestNG.runSuites(TestNG.java:1069)
at org.testng.TestNG.run(TestNG.java:1037)
at org.testng.remote.AbstractRemoteTestNG.run(AbstractRemoteTestNG.java:115)
at org.testng.remote.RemoteTestNG.initAndRun(RemoteTestNG.java:251)
at org.testng.remote.RemoteTestNG.main(RemoteTestNG.java:77)
]]>
            </full-stacktrace>
          </exception> <!-- java.lang.AssertionError -->
          <reporter-output>
          </reporter-output>
        </test-method> <!-- teardown -->
      </class> <!-- testcases.LoginPageTest -->
    </test> <!-- ChromeTest -->
    <test started-at="2021-06-02T16:57:31 EDT" name="EdgeTest" finished-at="2021-06-02T16:59:13 EDT" duration-ms="102749">
      <class name="testcases.CalculatorPageTest">
        <test-method is-config="true" signature="setup(java.lang.String, java.lang.String)[pri:0, instance:testcases.CalculatorPageTest@702b8b12]" started-at="2021-06-02T16:57:50 EDT" name="setup" finished-at="2021-06-02T16:57:54 EDT" duration-ms="3680" status="PASS">
          <params>
            <param index="0">
              <value>
                <![CDATA[edge]]>
              </value>
            </param>
            <param index="1">
              <value>
                <![CDATA[http://10.82.180.36/Common/Login.aspx]]>
              </value>
            </param>
          </params>
          <reporter-output>
          </reporter-output>
        </test-method> <!-- setup -->
        <test-method signature="goToCalculatorPageTest()[pri:-1, instance:testcases.CalculatorPageTest@702b8b12]" started-at="2021-06-02T16:57:54 EDT" name="goToCalculatorPageTest" finished-at="2021-06-02T16:57:59 EDT" duration-ms="4770" status="PASS">
          <reporter-output>
          </reporter-output>
        </test-method> <!-- goToCalculatorPageTest -->
        <test-method signature="emptyDepositAmtTest()[pri:0, instance:testcases.CalculatorPageTest@702b8b12]" started-at="2021-06-02T16:57:59 EDT" name="emptyDepositAmtTest" finished-at="2021-06-02T16:58:01 EDT" duration-ms="2338" status="PASS">
          <reporter-output>
          </reporter-output>
        </test-method> <!-- emptyDepositAmtTest -->
        <test-method signature="emptyTermsTest()[pri:0, instance:testcases.CalculatorPageTest@702b8b12]" started-at="2021-06-02T16:58:01 EDT" name="emptyTermsTest" finished-at="2021-06-02T16:58:03 EDT" duration-ms="2295" status="PASS">
          <reporter-output>
          </reporter-output>
        </test-method> <!-- emptyTermsTest -->
        <test-method signature="invalidFixedDepositAmtTest()[pri:0, instance:testcases.CalculatorPageTest@702b8b12]" started-at="2021-06-02T16:58:03 EDT" name="invalidFixedDepositAmtTest" finished-at="2021-06-02T16:58:08 EDT" duration-ms="4342" status="PASS">
          <reporter-output>
          </reporter-output>
        </test-method> <!-- invalidFixedDepositAmtTest -->
        <test-method signature="invalidRecurringDepositAmtTest()[pri:0, instance:testcases.CalculatorPageTest@702b8b12]" started-at="2021-06-02T16:58:08 EDT" name="invalidRecurringDepositAmtTest" finished-at="2021-06-02T16:58:15 EDT" duration-ms="7359" status="PASS">
          <reporter-output>
          </reporter-output>
        </test-method> <!-- invalidRecurringDepositAmtTest -->
        <test-method signature="invalidTermsAmtTest(long, int)[pri:0, instance:testcases.CalculatorPageTest@702b8b12]" started-at="2021-06-02T16:58:15 EDT" name="invalidTermsAmtTest" data-provider="termParameters" finished-at="2021-06-02T16:58:22 EDT" duration-ms="7409" status="PASS">
          <params>
            <param index="0">
              <value>
                <![CDATA[10000]]>
              </value>
            </param>
            <param index="1">
              <value>
                <![CDATA[15]]>
              </value>
            </param>
          </params>
          <reporter-output>
          </reporter-output>
        </test-method> <!-- invalidTermsAmtTest -->
        <test-method signature="invalidTermsAmtTest(long, int)[pri:0, instance:testcases.CalculatorPageTest@702b8b12]" started-at="2021-06-02T16:58:22 EDT" name="invalidTermsAmtTest" data-provider="termParameters" finished-at="2021-06-02T16:58:25 EDT" duration-ms="2318" status="PASS">
          <params>
            <param index="0">
              <value>
                <![CDATA[10000]]>
              </value>
            </param>
            <param index="1">
              <value>
                <![CDATA[0]]>
              </value>
            </param>
          </params>
          <reporter-output>
          </reporter-output>
        </test-method> <!-- invalidTermsAmtTest -->
        <test-method signature="invalidTermsAmtTest(long, int)[pri:0, instance:testcases.CalculatorPageTest@702b8b12]" started-at="2021-06-02T16:58:25 EDT" name="invalidTermsAmtTest" data-provider="termParameters" finished-at="2021-06-02T16:58:27 EDT" duration-ms="2334" status="PASS">
          <params>
            <param index="0">
              <value>
                <![CDATA[10000]]>
              </value>
            </param>
            <param index="1">
              <value>
                <![CDATA[36]]>
              </value>
            </param>
          </params>
          <reporter-output>
          </reporter-output>
        </test-method> <!-- invalidTermsAmtTest -->
        <test-method signature="radioMessageTest()[pri:0, instance:testcases.CalculatorPageTest@702b8b12]" started-at="2021-06-02T16:58:27 EDT" name="radioMessageTest" finished-at="2021-06-02T16:58:29 EDT" duration-ms="2320" status="PASS">
          <reporter-output>
          </reporter-output>
        </test-method> <!-- radioMessageTest -->
        <test-method signature="resultsTest()[pri:0, instance:testcases.CalculatorPageTest@702b8b12]" started-at="2021-06-02T16:58:29 EDT" name="resultsTest" finished-at="2021-06-02T16:58:34 EDT" duration-ms="4402" status="PASS">
          <reporter-output>
          </reporter-output>
        </test-method> <!-- resultsTest -->
        <test-method signature="resetBtnTest()[pri:1, instance:testcases.CalculatorPageTest@702b8b12]" started-at="2021-06-02T16:58:34 EDT" name="resetBtnTest" finished-at="2021-06-02T16:58:36 EDT" duration-ms="2384" status="PASS">
          <reporter-output>
          </reporter-output>
        </test-method> <!-- resetBtnTest -->
        <test-method is-config="true" signature="teardown()[pri:0, instance:testcases.CalculatorPageTest@702b8b12]" started-at="2021-06-02T16:58:36 EDT" name="teardown" finished-at="2021-06-02T16:58:37 EDT" duration-ms="834" status="FAIL">
          <exception class="java.lang.AssertionError">
            <message>
              <![CDATA[The following asserts failed:
Page did not display invalid recurring deposit amount message. expected [true] but found [false],
Page did not display invalid terms amount message. expected [true] but found [false],
Page did not display calculated amount. expected [true] but found [false]]]>
            </message>
            <full-stacktrace>
              <![CDATA[java.lang.AssertionError: The following asserts failed:
Page did not display invalid recurring deposit amount message. expected [true] but found [false],
Page did not display invalid terms amount message. expected [true] but found [false],
Page did not display calculated amount. expected [true] but found [false]
at org.testng.asserts.SoftAssert.assertAll(SoftAssert.java:47)
at org.testng.asserts.SoftAssert.assertAll(SoftAssert.java:31)
at testcases.CalculatorPageTest.teardown(CalculatorPageTest.java:154)
at java.base/jdk.internal.reflect.NativeMethodAccessorImpl.invoke0(Native Method)
at java.base/jdk.internal.reflect.NativeMethodAccessorImpl.invoke(NativeMethodAccessorImpl.java:62)
at java.base/jdk.internal.reflect.DelegatingMethodAccessorImpl.invoke(DelegatingMethodAccessorImpl.java:43)
at java.base/java.lang.reflect.Method.invoke(Method.java:566)
at org.testng.internal.MethodInvocationHelper.invokeMethod(MethodInvocationHelper.java:132)
at org.testng.internal.MethodInvocationHelper.invokeMethodConsideringTimeout(MethodInvocationHelper.java:61)
at org.testng.internal.ConfigInvoker.invokeConfigurationMethod(ConfigInvoker.java:366)
at org.testng.internal.ConfigInvoker.invokeConfigurations(ConfigInvoker.java:320)
at org.testng.internal.TestMethodWorker.invokeAfterClassMethods(TestMethodWorker.java:217)
at org.testng.internal.TestMethodWorker.run(TestMethodWorker.java:130)
at java.base/java.util.ArrayList.forEach(ArrayList.java:1541)
at org.testng.TestRunner.privateRun(TestRunner.java:764)
at org.testng.TestRunner.run(TestRunner.java:585)
at org.testng.SuiteRunner.runTest(SuiteRunner.java:384)
at org.testng.SuiteRunner.runSequentially(SuiteRunner.java:378)
at org.testng.SuiteRunner.privateRun(SuiteRunner.java:337)
at org.testng.SuiteRunner.run(SuiteRunner.java:286)
at org.testng.SuiteRunnerWorker.runSuite(SuiteRunnerWorker.java:53)
at org.testng.SuiteRunnerWorker.run(SuiteRunnerWorker.java:96)
at org.testng.TestNG.runSuitesSequentially(TestNG.java:1218)
at org.testng.TestNG.runSuitesLocally(TestNG.java:1140)
at org.testng.TestNG.runSuites(TestNG.java:1069)
at org.testng.TestNG.run(TestNG.java:1037)
at org.testng.remote.AbstractRemoteTestNG.run(AbstractRemoteTestNG.java:115)
at org.testng.remote.RemoteTestNG.initAndRun(RemoteTestNG.java:251)
at org.testng.remote.RemoteTestNG.main(RemoteTestNG.java:77)
]]>
            </full-stacktrace>
          </exception> <!-- java.lang.AssertionError -->
          <reporter-output>
          </reporter-output>
        </test-method> <!-- teardown -->
      </class> <!-- testcases.CalculatorPageTest -->
      <class name="testcases.CloseAccountPageTest">
        <test-method is-config="true" signature="setup(java.lang.String, java.lang.String)[pri:0, instance:testcases.CloseAccountPageTest@22e357dc]" started-at="2021-06-02T16:58:37 EDT" name="setup" finished-at="2021-06-02T16:58:41 EDT" duration-ms="3655" status="PASS">
          <params>
            <param index="0">
              <value>
                <![CDATA[edge]]>
              </value>
            </param>
            <param index="1">
              <value>
                <![CDATA[http://10.82.180.36/Common/Login.aspx]]>
              </value>
            </param>
          </params>
          <reporter-output>
          </reporter-output>
        </test-method> <!-- setup -->
        <test-method signature="goToPageTest()[pri:0, instance:testcases.CloseAccountPageTest@22e357dc]" started-at="2021-06-02T16:58:41 EDT" name="goToPageTest" finished-at="2021-06-02T16:58:43 EDT" duration-ms="2505" status="PASS">
          <reporter-output>
          </reporter-output>
        </test-method> <!-- goToPageTest -->
        <test-method signature="loadingPageElementsTest()[pri:1, instance:testcases.CloseAccountPageTest@22e357dc]" started-at="2021-06-02T16:58:43 EDT" name="loadingPageElementsTest" finished-at="2021-06-02T16:58:44 EDT" duration-ms="1032" status="PASS">
          <reporter-output>
          </reporter-output>
        </test-method> <!-- loadingPageElementsTest -->
        <test-method signature="populateDropDownTest()[pri:2, instance:testcases.CloseAccountPageTest@22e357dc]" started-at="2021-06-02T16:58:44 EDT" name="populateDropDownTest" finished-at="2021-06-02T16:58:45 EDT" duration-ms="239" status="PASS">
          <reporter-output>
          </reporter-output>
        </test-method> <!-- populateDropDownTest -->
        <test-method signature="dropDownSelectionTest()[pri:3, instance:testcases.CloseAccountPageTest@22e357dc]" started-at="2021-06-02T16:58:45 EDT" name="dropDownSelectionTest" finished-at="2021-06-02T16:58:47 EDT" duration-ms="2217" status="PASS">
          <reporter-output>
          </reporter-output>
        </test-method> <!-- dropDownSelectionTest -->
        <test-method signature="transferModeTest()[pri:4, instance:testcases.CloseAccountPageTest@22e357dc]" started-at="2021-06-02T16:58:47 EDT" name="transferModeTest" finished-at="2021-06-02T16:58:51 EDT" duration-ms="4336" status="PASS">
          <reporter-output>
          </reporter-output>
        </test-method> <!-- transferModeTest -->
        <test-method signature="cashRadioBtnTest()[pri:5, instance:testcases.CloseAccountPageTest@22e357dc]" started-at="2021-06-02T16:58:51 EDT" name="cashRadioBtnTest" finished-at="2021-06-02T16:58:53 EDT" duration-ms="2251" status="PASS">
          <reporter-output>
          </reporter-output>
        </test-method> <!-- cashRadioBtnTest -->
        <test-method signature="iebiRadioBtnTest()[pri:6, instance:testcases.CloseAccountPageTest@22e357dc]" started-at="2021-06-02T16:58:53 EDT" name="iebiRadioBtnTest" finished-at="2021-06-02T16:58:56 EDT" duration-ms="2233" status="PASS">
          <reporter-output>
          </reporter-output>
        </test-method> <!-- iebiRadioBtnTest -->
        <test-method signature="otherBankRadioBtnTest()[pri:7, instance:testcases.CloseAccountPageTest@22e357dc]" started-at="2021-06-02T16:58:56 EDT" name="otherBankRadioBtnTest" finished-at="2021-06-02T16:58:58 EDT" duration-ms="2274" status="PASS">
          <reporter-output>
          </reporter-output>
        </test-method> <!-- otherBankRadioBtnTest -->
        <test-method signature="closeDepositBtnTest()[pri:8, instance:testcases.CloseAccountPageTest@22e357dc]" started-at="2021-06-02T16:58:58 EDT" name="closeDepositBtnTest" finished-at="2021-06-02T16:59:03 EDT" duration-ms="4862" status="PASS">
          <reporter-output>
          </reporter-output>
        </test-method> <!-- closeDepositBtnTest -->
        <test-method signature="resetBtnTest()[pri:9, instance:testcases.CloseAccountPageTest@22e357dc]" started-at="2021-06-02T16:59:03 EDT" name="resetBtnTest" finished-at="2021-06-02T16:59:13 EDT" duration-ms="9821" status="FAIL">
          <exception class="org.openqa.selenium.NoSuchElementException">
            <message>
              <![CDATA[no such element: Unable to locate element: {"method":"css selector","selector":"#body_cph_Deposit_rbtnTransferType_0"}
  (Session info: MicrosoftEdge=90.0.818.66)
For documentation on this error, please visit: https://www.seleniumhq.org/exceptions/no_such_element.html
Build info: version: '3.141.59', revision: 'e82be7d358', time: '2018-11-14T08:17:03'
System info: host: 'USABOS391884L', ip: '192.168.1.81', os.name: 'Windows 10', os.arch: 'amd64', os.version: '10.0', java.version: '11.0.11'
Driver info: org.openqa.selenium.edge.EdgeDriver
Capabilities {acceptInsecureCerts: false, browserName: msedge, browserVersion: 90.0.818.66, javascriptEnabled: true, ms:edgeOptions: {debuggerAddress: localhost:56538}, msedge: {msedgedriverVersion: 90.0.818.51 (0ac6c7911676c0..., userDataDir: C:\Users\aris.carroll\AppDa...}, networkConnectionEnabled: false, pageLoadStrategy: normal, platform: WINDOWS, platformName: WINDOWS, proxy: Proxy(), setWindowRect: true, strictFileInteractability: false, timeouts: {implicit: 0, pageLoad: 300000, script: 30000}, unhandledPromptBehavior: dismiss and notify, webauthn:extension:largeBlob: true, webauthn:virtualAuthenticators: true}
Session ID: 82067ab3a852d4f21f3debf2322a041d
*** Element info: {Using=id, value=body_cph_Deposit_rbtnTransferType_0}]]>
            </message>
            <full-stacktrace>
              <![CDATA[org.openqa.selenium.NoSuchElementException: no such element: Unable to locate element: {"method":"css selector","selector":"#body_cph_Deposit_rbtnTransferType_0"}
  (Session info: MicrosoftEdge=90.0.818.66)
For documentation on this error, please visit: https://www.seleniumhq.org/exceptions/no_such_element.html
Build info: version: '3.141.59', revision: 'e82be7d358', time: '2018-11-14T08:17:03'
System info: host: 'USABOS391884L', ip: '192.168.1.81', os.name: 'Windows 10', os.arch: 'amd64', os.version: '10.0', java.version: '11.0.11'
Driver info: org.openqa.selenium.edge.EdgeDriver
Capabilities {acceptInsecureCerts: false, browserName: msedge, browserVersion: 90.0.818.66, javascriptEnabled: true, ms:edgeOptions: {debuggerAddress: localhost:56538}, msedge: {msedgedriverVersion: 90.0.818.51 (0ac6c7911676c0..., userDataDir: C:\Users\aris.carroll\AppDa...}, networkConnectionEnabled: false, pageLoadStrategy: normal, platform: WINDOWS, platformName: WINDOWS, proxy: Proxy(), setWindowRect: true, strictFileInteractability: false, timeouts: {implicit: 0, pageLoad: 300000, script: 30000}, unhandledPromptBehavior: dismiss and notify, webauthn:extension:largeBlob: true, webauthn:virtualAuthenticators: true}
Session ID: 82067ab3a852d4f21f3debf2322a041d
*** Element info: {Using=id, value=body_cph_Deposit_rbtnTransferType_0}
at java.base/jdk.internal.reflect.NativeConstructorAccessorImpl.newInstance0(Native Method)
at java.base/jdk.internal.reflect.NativeConstructorAccessorImpl.newInstance(NativeConstructorAccessorImpl.java:62)
at java.base/jdk.internal.reflect.DelegatingConstructorAccessorImpl.newInstance(DelegatingConstructorAccessorImpl.java:45)
at java.base/java.lang.reflect.Constructor.newInstance(Constructor.java:490)
at org.openqa.selenium.remote.http.W3CHttpResponseCodec.createException(W3CHttpResponseCodec.java:187)
at org.openqa.selenium.remote.http.W3CHttpResponseCodec.decode(W3CHttpResponseCodec.java:122)
at org.openqa.selenium.remote.http.W3CHttpResponseCodec.decode(W3CHttpResponseCodec.java:49)
at org.openqa.selenium.remote.HttpCommandExecutor.execute(HttpCommandExecutor.java:158)
at org.openqa.selenium.remote.service.DriverCommandExecutor.execute(DriverCommandExecutor.java:83)
at org.openqa.selenium.remote.RemoteWebDriver.execute(RemoteWebDriver.java:552)
at org.openqa.selenium.remote.RemoteWebDriver.findElement(RemoteWebDriver.java:323)
at org.openqa.selenium.remote.RemoteWebDriver.findElementById(RemoteWebDriver.java:372)
at org.openqa.selenium.By$ById.findElement(By.java:188)
at org.openqa.selenium.remote.RemoteWebDriver.findElement(RemoteWebDriver.java:315)
at pageObjects.CloseAccountPage.verifyResetBtn(CloseAccountPage.java:167)
at testcases.CloseAccountPageTest.resetBtnTest(CloseAccountPageTest.java:95)
at java.base/jdk.internal.reflect.NativeMethodAccessorImpl.invoke0(Native Method)
at java.base/jdk.internal.reflect.NativeMethodAccessorImpl.invoke(NativeMethodAccessorImpl.java:62)
at java.base/jdk.internal.reflect.DelegatingMethodAccessorImpl.invoke(DelegatingMethodAccessorImpl.java:43)
at java.base/java.lang.reflect.Method.invoke(Method.java:566)
at org.testng.internal.MethodInvocationHelper.invokeMethod(MethodInvocationHelper.java:132)
at org.testng.internal.TestInvoker.invokeMethod(TestInvoker.java:599)
at org.testng.internal.TestInvoker.invokeTestMethod(TestInvoker.java:174)
at org.testng.internal.MethodRunner.runInSequence(MethodRunner.java:46)
at org.testng.internal.TestInvoker$MethodInvocationAgent.invoke(TestInvoker.java:822)
at org.testng.internal.TestInvoker.invokeTestMethods(TestInvoker.java:147)
at org.testng.internal.TestMethodWorker.invokeTestMethods(TestMethodWorker.java:146)
at org.testng.internal.TestMethodWorker.run(TestMethodWorker.java:128)
at java.base/java.util.ArrayList.forEach(ArrayList.java:1541)
at org.testng.TestRunner.privateRun(TestRunner.java:764)
at org.testng.TestRunner.run(TestRunner.java:585)
at org.testng.SuiteRunner.runTest(SuiteRunner.java:384)
at org.testng.SuiteRunner.runSequentially(SuiteRunner.java:378)
at org.testng.SuiteRunner.privateRun(SuiteRunner.java:337)
at org.testng.SuiteRunner.run(SuiteRunner.java:286)
at org.testng.SuiteRunnerWorker.runSuite(SuiteRunnerWorker.java:53)
at org.testng.SuiteRunnerWorker.run(SuiteRunnerWorker.java:96)
at org.testng.TestNG.runSuitesSequentially(TestNG.java:1218)
at org.testng.TestNG.runSuitesLocally(TestNG.java:1140)
at org.testng.TestNG.runSuites(TestNG.java:1069)
at org.testng.TestNG.run(TestNG.java:1037)
at org.testng.remote.AbstractRemoteTestNG.run(AbstractRemoteTestNG.java:115)
at org.testng.remote.RemoteTestNG.initAndRun(RemoteTestNG.java:251)
at org.testng.remote.RemoteTestNG.main(RemoteTestNG.java:77)
]]>
            </full-stacktrace>
          </exception> <!-- org.openqa.selenium.NoSuchElementException -->
          <reporter-output>
          </reporter-output>
        </test-method> <!-- resetBtnTest -->
        <test-method is-config="true" signature="teardown()[pri:0, instance:testcases.CloseAccountPageTest@22e357dc]" started-at="2021-06-02T16:59:13 EDT" name="teardown" finished-at="2021-06-02T16:59:13 EDT" duration-ms="876" status="FAIL">
          <exception class="java.lang.AssertionError">
            <message>
              <![CDATA[The following asserts failed:
Dropdowns were not populated with options. expected [true] but found [false],
Dropdown did not make a correct selection. expected [true] but found [false],
Clicking cash radio button did not disable close button. expected [true] but found [false],
Clicking IEBI radio button did not display correct elements. expected [true] but found [false],
Clicking other radio button did not display correct elements. expected [true] but found [false],
Page did not display message verifying request submitted. expected [true] but found [false]]]>
            </message>
            <full-stacktrace>
              <![CDATA[java.lang.AssertionError: The following asserts failed:
Dropdowns were not populated with options. expected [true] but found [false],
Dropdown did not make a correct selection. expected [true] but found [false],
Clicking cash radio button did not disable close button. expected [true] but found [false],
Clicking IEBI radio button did not display correct elements. expected [true] but found [false],
Clicking other radio button did not display correct elements. expected [true] but found [false],
Page did not display message verifying request submitted. expected [true] but found [false]
at org.testng.asserts.SoftAssert.assertAll(SoftAssert.java:47)
at org.testng.asserts.SoftAssert.assertAll(SoftAssert.java:31)
at testcases.CloseAccountPageTest.teardown(CloseAccountPageTest.java:102)
at java.base/jdk.internal.reflect.NativeMethodAccessorImpl.invoke0(Native Method)
at java.base/jdk.internal.reflect.NativeMethodAccessorImpl.invoke(NativeMethodAccessorImpl.java:62)
at java.base/jdk.internal.reflect.DelegatingMethodAccessorImpl.invoke(DelegatingMethodAccessorImpl.java:43)
at java.base/java.lang.reflect.Method.invoke(Method.java:566)
at org.testng.internal.MethodInvocationHelper.invokeMethod(MethodInvocationHelper.java:132)
at org.testng.internal.MethodInvocationHelper.invokeMethodConsideringTimeout(MethodInvocationHelper.java:61)
at org.testng.internal.ConfigInvoker.invokeConfigurationMethod(ConfigInvoker.java:366)
at org.testng.internal.ConfigInvoker.invokeConfigurations(ConfigInvoker.java:320)
at org.testng.internal.TestMethodWorker.invokeAfterClassMethods(TestMethodWorker.java:217)
at org.testng.internal.TestMethodWorker.run(TestMethodWorker.java:130)
at java.base/java.util.ArrayList.forEach(ArrayList.java:1541)
at org.testng.TestRunner.privateRun(TestRunner.java:764)
at org.testng.TestRunner.run(TestRunner.java:585)
at org.testng.SuiteRunner.runTest(SuiteRunner.java:384)
at org.testng.SuiteRunner.runSequentially(SuiteRunner.java:378)
at org.testng.SuiteRunner.privateRun(SuiteRunner.java:337)
at org.testng.SuiteRunner.run(SuiteRunner.java:286)
at org.testng.SuiteRunnerWorker.runSuite(SuiteRunnerWorker.java:53)
at org.testng.SuiteRunnerWorker.run(SuiteRunnerWorker.java:96)
at org.testng.TestNG.runSuitesSequentially(TestNG.java:1218)
at org.testng.TestNG.runSuitesLocally(TestNG.java:1140)
at org.testng.TestNG.runSuites(TestNG.java:1069)
at org.testng.TestNG.run(TestNG.java:1037)
at org.testng.remote.AbstractRemoteTestNG.run(AbstractRemoteTestNG.java:115)
at org.testng.remote.RemoteTestNG.initAndRun(RemoteTestNG.java:251)
at org.testng.remote.RemoteTestNG.main(RemoteTestNG.java:77)
]]>
            </full-stacktrace>
          </exception> <!-- java.lang.AssertionError -->
          <reporter-output>
          </reporter-output>
        </test-method> <!-- teardown -->
      </class> <!-- testcases.CloseAccountPageTest -->
      <class name="testcases.LoginPageTest">
        <test-method is-config="true" signature="setup(java.lang.String, java.lang.String)[pri:0, instance:testcases.LoginPageTest@306f16f3]" started-at="2021-06-02T16:57:31 EDT" name="setup" finished-at="2021-06-02T16:57:34 EDT" duration-ms="3724" status="PASS">
          <params>
            <param index="0">
              <value>
                <![CDATA[edge]]>
              </value>
            </param>
            <param index="1">
              <value>
                <![CDATA[http://10.82.180.36/Common/Login.aspx]]>
              </value>
            </param>
          </params>
          <reporter-output>
          </reporter-output>
        </test-method> <!-- setup -->
        <test-method is-config="true" signature="goToLoginPage(java.lang.String)[pri:0, instance:testcases.LoginPageTest@306f16f3]" started-at="2021-06-02T16:57:34 EDT" name="goToLoginPage" finished-at="2021-06-02T16:57:35 EDT" duration-ms="528" status="PASS">
          <params>
            <param index="0">
              <value>
                <![CDATA[http://10.82.180.36/Common/Login.aspx]]>
              </value>
            </param>
          </params>
          <reporter-output>
          </reporter-output>
        </test-method> <!-- goToLoginPage -->
        <test-method signature="forgotPasswordTest()[pri:1, instance:testcases.LoginPageTest@306f16f3]" started-at="2021-06-02T16:57:35 EDT" name="forgotPasswordTest" finished-at="2021-06-02T16:57:36 EDT" duration-ms="1055" status="PASS">
          <reporter-output>
          </reporter-output>
        </test-method> <!-- forgotPasswordTest -->
        <test-method is-config="true" signature="goToLoginPage(java.lang.String)[pri:0, instance:testcases.LoginPageTest@306f16f3]" started-at="2021-06-02T16:57:36 EDT" name="goToLoginPage" finished-at="2021-06-02T16:57:37 EDT" duration-ms="554" status="PASS">
          <params>
            <param index="0">
              <value>
                <![CDATA[http://10.82.180.36/Common/Login.aspx]]>
              </value>
            </param>
          </params>
          <reporter-output>
          </reporter-output>
        </test-method> <!-- goToLoginPage -->
        <test-method signature="signUpTest()[pri:2, instance:testcases.LoginPageTest@306f16f3]" started-at="2021-06-02T16:57:37 EDT" name="signUpTest" finished-at="2021-06-02T16:57:38 EDT" duration-ms="1107" status="PASS">
          <reporter-output>
          </reporter-output>
        </test-method> <!-- signUpTest -->
        <test-method is-config="true" signature="goToLoginPage(java.lang.String)[pri:0, instance:testcases.LoginPageTest@306f16f3]" started-at="2021-06-02T16:57:38 EDT" name="goToLoginPage" finished-at="2021-06-02T16:57:38 EDT" duration-ms="501" status="PASS">
          <params>
            <param index="0">
              <value>
                <![CDATA[http://10.82.180.36/Common/Login.aspx]]>
              </value>
            </param>
          </params>
          <reporter-output>
          </reporter-output>
        </test-method> <!-- goToLoginPage -->
        <test-method signature="invalidUserMessageTest(java.lang.String, java.lang.String)[pri:3, instance:testcases.LoginPageTest@306f16f3]" started-at="2021-06-02T16:57:38 EDT" name="invalidUserMessageTest" data-provider="loginCreds" finished-at="2021-06-02T16:57:44 EDT" duration-ms="6243" status="PASS">
          <params>
            <param index="0">
              <value>
                <![CDATA[donhere]]>
              </value>
            </param>
            <param index="1">
              <value>
                <![CDATA[don@123]]>
              </value>
            </param>
          </params>
          <reporter-output>
          </reporter-output>
        </test-method> <!-- invalidUserMessageTest -->
        <test-method is-config="true" signature="goToLoginPage(java.lang.String)[pri:0, instance:testcases.LoginPageTest@306f16f3]" started-at="2021-06-02T16:57:44 EDT" name="goToLoginPage" finished-at="2021-06-02T16:57:45 EDT" duration-ms="556" status="PASS">
          <params>
            <param index="0">
              <value>
                <![CDATA[http://10.82.180.36/Common/Login.aspx]]>
              </value>
            </param>
          </params>
          <reporter-output>
          </reporter-output>
        </test-method> <!-- goToLoginPage -->
        <test-method signature="invalidUserMessageTest(java.lang.String, java.lang.String)[pri:3, instance:testcases.LoginPageTest@306f16f3]" started-at="2021-06-02T16:57:45 EDT" name="invalidUserMessageTest" data-provider="loginCreds" finished-at="2021-06-02T16:57:46 EDT" duration-ms="664" status="PASS">
          <params>
            <param index="0">
              <value>
                <![CDATA[aris]]>
              </value>
            </param>
            <param index="1">
              <value>
                <![CDATA[aris@123]]>
              </value>
            </param>
          </params>
          <reporter-output>
          </reporter-output>
        </test-method> <!-- invalidUserMessageTest -->
        <test-method is-config="true" signature="goToLoginPage(java.lang.String)[pri:0, instance:testcases.LoginPageTest@306f16f3]" started-at="2021-06-02T16:57:46 EDT" name="goToLoginPage" finished-at="2021-06-02T16:57:46 EDT" duration-ms="487" status="PASS">
          <params>
            <param index="0">
              <value>
                <![CDATA[http://10.82.180.36/Common/Login.aspx]]>
              </value>
            </param>
          </params>
          <reporter-output>
          </reporter-output>
        </test-method> <!-- goToLoginPage -->
        <test-method signature="loginTest(java.lang.String, java.lang.String)[pri:4, instance:testcases.LoginPageTest@306f16f3]" started-at="2021-06-02T16:57:46 EDT" name="loginTest" data-provider="loginCreds" finished-at="2021-06-02T16:57:47 EDT" duration-ms="942" status="PASS">
          <params>
            <param index="0">
              <value>
                <![CDATA[donhere]]>
              </value>
            </param>
            <param index="1">
              <value>
                <![CDATA[don@123]]>
              </value>
            </param>
          </params>
          <reporter-output>
          </reporter-output>
        </test-method> <!-- loginTest -->
        <test-method is-config="true" signature="goToLoginPage(java.lang.String)[pri:0, instance:testcases.LoginPageTest@306f16f3]" started-at="2021-06-02T16:57:47 EDT" name="goToLoginPage" finished-at="2021-06-02T16:57:48 EDT" duration-ms="486" status="PASS">
          <params>
            <param index="0">
              <value>
                <![CDATA[http://10.82.180.36/Common/Login.aspx]]>
              </value>
            </param>
          </params>
          <reporter-output>
          </reporter-output>
        </test-method> <!-- goToLoginPage -->
        <test-method signature="loginTest(java.lang.String, java.lang.String)[pri:4, instance:testcases.LoginPageTest@306f16f3]" started-at="2021-06-02T16:57:48 EDT" name="loginTest" data-provider="loginCreds" finished-at="2021-06-02T16:57:48 EDT" duration-ms="593" status="PASS">
          <params>
            <param index="0">
              <value>
                <![CDATA[aris]]>
              </value>
            </param>
            <param index="1">
              <value>
                <![CDATA[aris@123]]>
              </value>
            </param>
          </params>
          <reporter-output>
          </reporter-output>
        </test-method> <!-- loginTest -->
        <test-method is-config="true" signature="goToLoginPage(java.lang.String)[pri:0, instance:testcases.LoginPageTest@306f16f3]" started-at="2021-06-02T16:57:48 EDT" name="goToLoginPage" finished-at="2021-06-02T16:57:49 EDT" duration-ms="473" status="PASS">
          <params>
            <param index="0">
              <value>
                <![CDATA[http://10.82.180.36/Common/Login.aspx]]>
              </value>
            </param>
          </params>
          <reporter-output>
          </reporter-output>
        </test-method> <!-- goToLoginPage -->
        <test-method signature="logoutTest()[pri:5, instance:testcases.LoginPageTest@306f16f3]" started-at="2021-06-02T16:57:49 EDT" name="logoutTest" finished-at="2021-06-02T16:57:49 EDT" duration-ms="822" status="PASS">
          <reporter-output>
          </reporter-output>
        </test-method> <!-- logoutTest -->
        <test-method is-config="true" signature="teardown()[pri:0, instance:testcases.LoginPageTest@306f16f3]" started-at="2021-06-02T16:57:49 EDT" name="teardown" finished-at="2021-06-02T16:57:50 EDT" duration-ms="857" status="FAIL">
          <exception class="java.lang.AssertionError">
            <message>
              <![CDATA[The following asserts failed:
Invalid user message was not displayed. expected [true] but found [false]]]>
            </message>
            <full-stacktrace>
              <![CDATA[java.lang.AssertionError: The following asserts failed:
Invalid user message was not displayed. expected [true] but found [false]
at org.testng.asserts.SoftAssert.assertAll(SoftAssert.java:47)
at org.testng.asserts.SoftAssert.assertAll(SoftAssert.java:31)
at testcases.LoginPageTest.teardown(LoginPageTest.java:88)
at java.base/jdk.internal.reflect.NativeMethodAccessorImpl.invoke0(Native Method)
at java.base/jdk.internal.reflect.NativeMethodAccessorImpl.invoke(NativeMethodAccessorImpl.java:62)
at java.base/jdk.internal.reflect.DelegatingMethodAccessorImpl.invoke(DelegatingMethodAccessorImpl.java:43)
at java.base/java.lang.reflect.Method.invoke(Method.java:566)
at org.testng.internal.MethodInvocationHelper.invokeMethod(MethodInvocationHelper.java:132)
at org.testng.internal.MethodInvocationHelper.invokeMethodConsideringTimeout(MethodInvocationHelper.java:61)
at org.testng.internal.ConfigInvoker.invokeConfigurationMethod(ConfigInvoker.java:366)
at org.testng.internal.ConfigInvoker.invokeConfigurations(ConfigInvoker.java:320)
at org.testng.internal.TestMethodWorker.invokeAfterClassMethods(TestMethodWorker.java:217)
at org.testng.internal.TestMethodWorker.run(TestMethodWorker.java:130)
at java.base/java.util.ArrayList.forEach(ArrayList.java:1541)
at org.testng.TestRunner.privateRun(TestRunner.java:764)
at org.testng.TestRunner.run(TestRunner.java:585)
at org.testng.SuiteRunner.runTest(SuiteRunner.java:384)
at org.testng.SuiteRunner.runSequentially(SuiteRunner.java:378)
at org.testng.SuiteRunner.privateRun(SuiteRunner.java:337)
at org.testng.SuiteRunner.run(SuiteRunner.java:286)
at org.testng.SuiteRunnerWorker.runSuite(SuiteRunnerWorker.java:53)
at org.testng.SuiteRunnerWorker.run(SuiteRunnerWorker.java:96)
at org.testng.TestNG.runSuitesSequentially(TestNG.java:1218)
at org.testng.TestNG.runSuitesLocally(TestNG.java:1140)
at org.testng.TestNG.runSuites(TestNG.java:1069)
at org.testng.TestNG.run(TestNG.java:1037)
at org.testng.remote.AbstractRemoteTestNG.run(AbstractRemoteTestNG.java:115)
at org.testng.remote.RemoteTestNG.initAndRun(RemoteTestNG.java:251)
at org.testng.remote.RemoteTestNG.main(RemoteTestNG.java:77)
]]>
            </full-stacktrace>
          </exception> <!-- java.lang.AssertionError -->
          <reporter-output>
          </reporter-output>
        </test-method> <!-- teardown -->
      </class> <!-- testcases.LoginPageTest -->
    </test> <!-- EdgeTest -->
  </suite> <!-- Suite -->
</testng-results>
