<?xml version="1.0" encoding="UTF-8"?>
<!-- Generated by org.testng.reporters.JUnitXMLReporter -->
<testsuite ignored="0" hostname="USABOS391884L" failures="1" tests="28" name="EdgeTest" time="102.749" errors="0" timestamp="2021-06-02T16:59:13 EDT">
  <testcase classname="testcases.LoginPageTest" name="@AfterClass teardown" time="0.857">
    <failure type="java.lang.AssertionError" message="The following asserts failed:
	Invalid user message was not displayed. expected [true] but found [false]">
      <![CDATA[java.lang.AssertionError: The following asserts failed:
Invalid user message was not displayed. expected [true] but found [false]
at testcases.LoginPageTest.teardown(LoginPageTest.java:88)
at java.base/java.util.ArrayList.forEach(ArrayList.java:1541)
... Removed 27 stack frames]]>
    </failure>
  </testcase> <!-- @AfterClass teardown -->
  <testcase classname="testcases.CalculatorPageTest" name="@AfterClass teardown" time="0.834">
    <failure type="java.lang.AssertionError" message="The following asserts failed:
	Page did not display invalid recurring deposit amount message. expected [true] but found [false],
	Page did not display invalid terms amount message. expected [true] but found [false],
	Page did not display calculated amount. expected [true] but found [false]">
      <![CDATA[java.lang.AssertionError: The following asserts failed:
Page did not display invalid recurring deposit amount message. expected [true] but found [false],
Page did not display invalid terms amount message. expected [true] but found [false],
Page did not display calculated amount. expected [true] but found [false]
at testcases.CalculatorPageTest.teardown(CalculatorPageTest.java:154)
at java.base/java.util.ArrayList.forEach(ArrayList.java:1541)
... Removed 27 stack frames]]>
    </failure>
  </testcase> <!-- @AfterClass teardown -->
  <testcase classname="testcases.CloseAccountPageTest" name="@AfterClass teardown" time="0.876">
    <failure type="java.lang.AssertionError" message="The following asserts failed:
	Dropdowns were not populated with options. expected [true] but found [false],
	Dropdown did not make a correct selection. expected [true] but found [false],
	Clicking cash radio button did not disable close button. expected [true] but found [false],
	Clicking IEBI radio button did not display correct elements. expected [true] but found [false],
	Clicking other radio button did not display correct elements. expected [true] but found [false],
	Page did not display message verifying request submitted. expected [true] but found [false]">
      <![CDATA[java.lang.AssertionError: The following asserts failed:
Dropdowns were not populated with options. expected [true] but found [false],
Dropdown did not make a correct selection. expected [true] but found [false],
Clicking cash radio button did not disable close button. expected [true] but found [false],
Clicking IEBI radio button did not display correct elements. expected [true] but found [false],
Clicking other radio button did not display correct elements. expected [true] but found [false],
Page did not display message verifying request submitted. expected [true] but found [false]
at testcases.CloseAccountPageTest.teardown(CloseAccountPageTest.java:102)
at java.base/java.util.ArrayList.forEach(ArrayList.java:1541)
... Removed 27 stack frames]]>
    </failure>
  </testcase> <!-- @AfterClass teardown -->
  <testcase classname="testcases.LoginPageTest" name="forgotPasswordTest" time="1.055"/>
  <testcase classname="testcases.LoginPageTest" name="signUpTest" time="1.107"/>
  <testcase classname="testcases.LoginPageTest" name="invalidUserMessageTest" time="6.243"/>
  <testcase classname="testcases.LoginPageTest" name="invalidUserMessageTest" time="0.664"/>
  <testcase classname="testcases.LoginPageTest" name="loginTest" time="0.942"/>
  <testcase classname="testcases.LoginPageTest" name="loginTest" time="0.593"/>
  <testcase classname="testcases.LoginPageTest" name="logoutTest" time="0.822"/>
  <testcase classname="testcases.CalculatorPageTest" name="goToCalculatorPageTest" time="4.77"/>
  <testcase classname="testcases.CalculatorPageTest" name="emptyDepositAmtTest" time="2.338"/>
  <testcase classname="testcases.CalculatorPageTest" name="emptyTermsTest" time="2.295"/>
  <testcase classname="testcases.CalculatorPageTest" name="invalidFixedDepositAmtTest" time="4.342"/>
  <testcase classname="testcases.CalculatorPageTest" name="invalidRecurringDepositAmtTest" time="7.359"/>
  <testcase classname="testcases.CalculatorPageTest" name="invalidTermsAmtTest" time="7.409"/>
  <testcase classname="testcases.CalculatorPageTest" name="invalidTermsAmtTest" time="2.318"/>
  <testcase classname="testcases.CalculatorPageTest" name="invalidTermsAmtTest" time="2.334"/>
  <testcase classname="testcases.CalculatorPageTest" name="radioMessageTest" time="2.32"/>
  <testcase classname="testcases.CalculatorPageTest" name="resultsTest" time="4.402"/>
  <testcase classname="testcases.CalculatorPageTest" name="resetBtnTest" time="2.384"/>
  <testcase classname="testcases.CloseAccountPageTest" name="goToPageTest" time="2.505"/>
  <testcase classname="testcases.CloseAccountPageTest" name="loadingPageElementsTest" time="1.032"/>
  <testcase classname="testcases.CloseAccountPageTest" name="populateDropDownTest" time="0.239"/>
  <testcase classname="testcases.CloseAccountPageTest" name="dropDownSelectionTest" time="2.217"/>
  <testcase classname="testcases.CloseAccountPageTest" name="transferModeTest" time="4.336"/>
  <testcase classname="testcases.CloseAccountPageTest" name="cashRadioBtnTest" time="2.251"/>
  <testcase classname="testcases.CloseAccountPageTest" name="iebiRadioBtnTest" time="2.233"/>
  <testcase classname="testcases.CloseAccountPageTest" name="otherBankRadioBtnTest" time="2.274"/>
  <testcase classname="testcases.CloseAccountPageTest" name="closeDepositBtnTest" time="4.862"/>
  <testcase classname="testcases.CloseAccountPageTest" name="resetBtnTest" time="9.821">
    <failure type="org.openqa.selenium.NoSuchElementException" message="no such element: Unable to locate element: {&amp;quot;method&amp;quot;:&amp;quot;css selector&amp;quot;,&amp;quot;selector&amp;quot;:&amp;quot;#body_cph_Deposit_rbtnTransferType_0&amp;quot;}
  (Session info: MicrosoftEdge=90.0.818.66)
For documentation on this error, please visit: https://www.seleniumhq.org/exceptions/no_such_element.html
Build info: version: &amp;apos;3.141.59&amp;apos;, revision: &amp;apos;e82be7d358&amp;apos;, time: &amp;apos;2018-11-14T08:17:03&amp;apos;
System info: host: &amp;apos;USABOS391884L&amp;apos;, ip: &amp;apos;192.168.1.81&amp;apos;, os.name: &amp;apos;Windows 10&amp;apos;, os.arch: &amp;apos;amd64&amp;apos;, os.version: &amp;apos;10.0&amp;apos;, java.version: &amp;apos;11.0.11&amp;apos;
Driver info: org.openqa.selenium.edge.EdgeDriver
Capabilities {acceptInsecureCerts: false, browserName: msedge, browserVersion: 90.0.818.66, javascriptEnabled: true, ms:edgeOptions: {debuggerAddress: localhost:56538}, msedge: {msedgedriverVersion: 90.0.818.51 (0ac6c7911676c0..., userDataDir: C:\Users\aris.carroll\AppDa...}, networkConnectionEnabled: false, pageLoadStrategy: normal, platform: WINDOWS, platformName: WINDOWS, proxy: Proxy(), setWindowRect: true, strictFileInteractability: false, timeouts: {implicit: 0, pageLoad: 300000, script: 30000}, unhandledPromptBehavior: dismiss and notify, webauthn:extension:largeBlob: true, webauthn:virtualAuthenticators: true}
Session ID: 82067ab3a852d4f21f3debf2322a041d
*** Element info: {Using=id, value=body_cph_Deposit_rbtnTransferType_0}">
      <![CDATA[org.openqa.selenium.NoSuchElementException: no such element: Unable to locate element: {"method":"css selector","selector":"#body_cph_Deposit_rbtnTransferType_0"}
  (Session info: MicrosoftEdge=90.0.818.66)
For documentation on this error, please visit: https://www.seleniumhq.org/exceptions/no_such_element.html
Build info: version: '3.141.59', revision: 'e82be7d358', time: '2018-11-14T08:17:03'
System info: host: 'USABOS391884L', ip: '192.168.1.81', os.name: 'Windows 10', os.arch: 'amd64', os.version: '10.0', java.version: '11.0.11'
Driver info: org.openqa.selenium.edge.EdgeDriver
Capabilities {acceptInsecureCerts: false, browserName: msedge, browserVersion: 90.0.818.66, javascriptEnabled: true, ms:edgeOptions: {debuggerAddress: localhost:56538}, msedge: {msedgedriverVersion: 90.0.818.51 (0ac6c7911676c0..., userDataDir: C:\Users\aris.carroll\AppDa...}, networkConnectionEnabled: false, pageLoadStrategy: normal, platform: WINDOWS, platformName: WINDOWS, proxy: Proxy(), setWindowRect: true, strictFileInteractability: false, timeouts: {implicit: 0, pageLoad: 300000, script: 30000}, unhandledPromptBehavior: dismiss and notify, webauthn:extension:largeBlob: true, webauthn:virtualAuthenticators: true}
Session ID: 82067ab3a852d4f21f3debf2322a041d
*** Element info: {Using=id, value=body_cph_Deposit_rbtnTransferType_0}
at org.openqa.selenium.remote.http.W3CHttpResponseCodec.createException(W3CHttpResponseCodec.java:187)
at org.openqa.selenium.remote.http.W3CHttpResponseCodec.decode(W3CHttpResponseCodec.java:122)
at org.openqa.selenium.remote.http.W3CHttpResponseCodec.decode(W3CHttpResponseCodec.java:49)
at org.openqa.selenium.remote.HttpCommandExecutor.execute(HttpCommandExecutor.java:158)
at org.openqa.selenium.remote.service.DriverCommandExecutor.execute(DriverCommandExecutor.java:83)
at org.openqa.selenium.remote.RemoteWebDriver.execute(RemoteWebDriver.java:552)
at org.openqa.selenium.remote.RemoteWebDriver.findElement(RemoteWebDriver.java:323)
at org.openqa.selenium.remote.RemoteWebDriver.findElementById(RemoteWebDriver.java:372)
at org.openqa.selenium.By$ById.findElement(By.java:188)
at org.openqa.selenium.remote.RemoteWebDriver.findElement(RemoteWebDriver.java:315)
at pageObjects.CloseAccountPage.verifyResetBtn(CloseAccountPage.java:167)
at testcases.CloseAccountPageTest.resetBtnTest(CloseAccountPageTest.java:95)
at java.base/java.util.ArrayList.forEach(ArrayList.java:1541)
... Removed 31 stack frames]]>
    </failure>
  </testcase> <!-- resetBtnTest -->
</testsuite> <!-- EdgeTest -->
