<html>
<head>
<title>TestNG:  EdgeTest</title>
<link href="../testng.css" rel="stylesheet" type="text/css" />
<link href="../my-testng.css" rel="stylesheet" type="text/css" />

<style type="text/css">
.log { display: none;} 
.stack-trace { display: none;} 
</style>
<script type="text/javascript">
<!--
function flip(e) {
  current = e.style.display;
  if (current == 'block') {
    e.style.display = 'none';
    return 0;
  }
  else {
    e.style.display = 'block';
    return 1;
  }
}

function toggleBox(szDivId, elem, msg1, msg2)
{
  var res = -1;  if (document.getElementById) {
    res = flip(document.getElementById(szDivId));
  }
  else if (document.all) {
    // this is the way old msie versions work
    res = flip(document.all[szDivId]);
  }
  if(elem) {
    if(res == 0) elem.innerHTML = msg1; else elem.innerHTML = msg2;
  }

}

function toggleAllBoxes() {
  if (document.getElementsByTagName) {
    d = document.getElementsByTagName('div');
    for (i = 0; i < d.length; i++) {
      if (d[i].className == 'log') {
        flip(d[i]);
      }
    }
  }
}

// -->
</script>

</head>
<body>
<h2 align='center'>EdgeTest</h2><table border='1' align="center">
<tr>
<td>Tests passed/Failed/Skipped:</td><td>27/1/0</td>
</tr><tr>
<td>Started on:</td><td>Wed Jun 02 16:57:31 EDT 2021</td>
</tr>
<tr><td>Total time:</td><td>102 seconds (102749 ms)</td>
</tr><tr>
<td>Included groups:</td><td></td>
</tr><tr>
<td>Excluded groups:</td><td></td>
</tr>
</table><p/>
<small><i>(Hover the method name to see the test class name)</i></small><p/>
<table width='100%' border='1' class='invocation-failed'>
<tr><td colspan='4' align='center'><b>FAILED CONFIGURATIONS</b></td></tr>
<tr><td><b>Test method</b></td>
<td width="30%"><b>Exception</b></td>
<td width="10%"><b>Time (seconds)</b></td>
<td><b>Instance</b></td>
</tr>
<tr>
<td title='testcases.LoginPageTest.teardown()'><b>teardown</b><br>Test class: testcases.LoginPageTest</td>
<td><div><pre>java.lang.AssertionError: The following asserts failed:
	Invalid user message was not displayed. expected [true] but found [false]
	at testcases.LoginPageTest.teardown(LoginPageTest.java:88)
	at java.base/java.util.ArrayList.forEach(ArrayList.java:1541)
... Removed 27 stack frames</pre></div><a href='#' onClick='toggleBox("stack-trace2050525584", this, "Click to show all stack frames", "Click to hide stack frames")'>Click to show all stack frames</a>
<div class='stack-trace' id='stack-trace2050525584'><pre>java.lang.AssertionError: The following asserts failed:
	Invalid user message was not displayed. expected [true] but found [false]
	at org.testng.asserts.SoftAssert.assertAll(SoftAssert.java:47)
	at org.testng.asserts.SoftAssert.assertAll(SoftAssert.java:31)
	at testcases.LoginPageTest.teardown(LoginPageTest.java:88)
	at java.base/jdk.internal.reflect.NativeMethodAccessorImpl.invoke0(Native Method)
	at java.base/jdk.internal.reflect.NativeMethodAccessorImpl.invoke(NativeMethodAccessorImpl.java:62)
	at java.base/jdk.internal.reflect.DelegatingMethodAccessorImpl.invoke(DelegatingMethodAccessorImpl.java:43)
	at java.base/java.lang.reflect.Method.invoke(Method.java:566)
	at org.testng.internal.MethodInvocationHelper.invokeMethod(MethodInvocationHelper.java:132)
	at org.testng.internal.MethodInvocationHelper.invokeMethodConsideringTimeout(MethodInvocationHelper.java:61)
	at org.testng.internal.ConfigInvoker.invokeConfigurationMethod(ConfigInvoker.java:366)
	at org.testng.internal.ConfigInvoker.invokeConfigurations(ConfigInvoker.java:320)
	at org.testng.internal.TestMethodWorker.invokeAfterClassMethods(TestMethodWorker.java:217)
	at org.testng.internal.TestMethodWorker.run(TestMethodWorker.java:130)
	at java.base/java.util.ArrayList.forEach(ArrayList.java:1541)
	at org.testng.TestRunner.privateRun(TestRunner.java:764)
	at org.testng.TestRunner.run(TestRunner.java:585)
	at org.testng.SuiteRunner.runTest(SuiteRunner.java:384)
	at org.testng.SuiteRunner.runSequentially(SuiteRunner.java:378)
	at org.testng.SuiteRunner.privateRun(SuiteRunner.java:337)
	at org.testng.SuiteRunner.run(SuiteRunner.java:286)
	at org.testng.SuiteRunnerWorker.runSuite(SuiteRunnerWorker.java:53)
	at org.testng.SuiteRunnerWorker.run(SuiteRunnerWorker.java:96)
	at org.testng.TestNG.runSuitesSequentially(TestNG.java:1218)
	at org.testng.TestNG.runSuitesLocally(TestNG.java:1140)
	at org.testng.TestNG.runSuites(TestNG.java:1069)
	at org.testng.TestNG.run(TestNG.java:1037)
	at org.testng.remote.AbstractRemoteTestNG.run(AbstractRemoteTestNG.java:115)
	at org.testng.remote.RemoteTestNG.initAndRun(RemoteTestNG.java:251)
	at org.testng.remote.RemoteTestNG.main(RemoteTestNG.java:77)
</pre></div></td>
<td>0</td>
<td>testcases.LoginPageTest@306f16f3</td></tr>
<tr>
<td title='testcases.CalculatorPageTest.teardown()'><b>teardown</b><br>Test class: testcases.CalculatorPageTest</td>
<td><div><pre>java.lang.AssertionError: The following asserts failed:
	Page did not display invalid recurring deposit amount message. expected [true] but found [false],
	Page did not display invalid terms amount message. expected [true] but found [false],
	Page did not display calculated amount. expected [true] but found [false]
	at testcases.CalculatorPageTest.teardown(CalculatorPageTest.java:154)
	at java.base/java.util.ArrayList.forEach(ArrayList.java:1541)
... Removed 27 stack frames</pre></div><a href='#' onClick='toggleBox("stack-trace1218017691", this, "Click to show all stack frames", "Click to hide stack frames")'>Click to show all stack frames</a>
<div class='stack-trace' id='stack-trace1218017691'><pre>java.lang.AssertionError: The following asserts failed:
	Page did not display invalid recurring deposit amount message. expected [true] but found [false],
	Page did not display invalid terms amount message. expected [true] but found [false],
	Page did not display calculated amount. expected [true] but found [false]
	at org.testng.asserts.SoftAssert.assertAll(SoftAssert.java:47)
	at org.testng.asserts.SoftAssert.assertAll(SoftAssert.java:31)
	at testcases.CalculatorPageTest.teardown(CalculatorPageTest.java:154)
	at java.base/jdk.internal.reflect.NativeMethodAccessorImpl.invoke0(Native Method)
	at java.base/jdk.internal.reflect.NativeMethodAccessorImpl.invoke(NativeMethodAccessorImpl.java:62)
	at java.base/jdk.internal.reflect.DelegatingMethodAccessorImpl.invoke(DelegatingMethodAccessorImpl.java:43)
	at java.base/java.lang.reflect.Method.invoke(Method.java:566)
	at org.testng.internal.MethodInvocationHelper.invokeMethod(MethodInvocationHelper.java:132)
	at org.testng.internal.MethodInvocationHelper.invokeMethodConsideringTimeout(MethodInvocationHelper.java:61)
	at org.testng.internal.ConfigInvoker.invokeConfigurationMethod(ConfigInvoker.java:366)
	at org.testng.internal.ConfigInvoker.invokeConfigurations(ConfigInvoker.java:320)
	at org.testng.internal.TestMethodWorker.invokeAfterClassMethods(TestMethodWorker.java:217)
	at org.testng.internal.TestMethodWorker.run(TestMethodWorker.java:130)
	at java.base/java.util.ArrayList.forEach(ArrayList.java:1541)
	at org.testng.TestRunner.privateRun(TestRunner.java:764)
	at org.testng.TestRunner.run(TestRunner.java:585)
	at org.testng.SuiteRunner.runTest(SuiteRunner.java:384)
	at org.testng.SuiteRunner.runSequentially(SuiteRunner.java:378)
	at org.testng.SuiteRunner.privateRun(SuiteRunner.java:337)
	at org.testng.SuiteRunner.run(SuiteRunner.java:286)
	at org.testng.SuiteRunnerWorker.runSuite(SuiteRunnerWorker.java:53)
	at org.testng.SuiteRunnerWorker.run(SuiteRunnerWorker.java:96)
	at org.testng.TestNG.runSuitesSequentially(TestNG.java:1218)
	at org.testng.TestNG.runSuitesLocally(TestNG.java:1140)
	at org.testng.TestNG.runSuites(TestNG.java:1069)
	at org.testng.TestNG.run(TestNG.java:1037)
	at org.testng.remote.AbstractRemoteTestNG.run(AbstractRemoteTestNG.java:115)
	at org.testng.remote.RemoteTestNG.initAndRun(RemoteTestNG.java:251)
	at org.testng.remote.RemoteTestNG.main(RemoteTestNG.java:77)
</pre></div></td>
<td>0</td>
<td>testcases.CalculatorPageTest@702b8b12</td></tr>
<tr>
<td title='testcases.CloseAccountPageTest.teardown()'><b>teardown</b><br>Test class: testcases.CloseAccountPageTest</td>
<td><div><pre>java.lang.AssertionError: The following asserts failed:
	Dropdowns were not populated with options. expected [true] but found [false],
	Dropdown did not make a correct selection. expected [true] but found [false],
	Clicking cash radio button did not disable close button. expected [true] but found [false],
	Clicking IEBI radio button did not display correct elements. expected [true] but found [false],
	Clicking other radio button did not display correct elements. expected [true] but found [false],
	Page did not display message verifying request submitted. expected [true] but found [false]
	at testcases.CloseAccountPageTest.teardown(CloseAccountPageTest.java:102)
	at java.base/java.util.ArrayList.forEach(ArrayList.java:1541)
... Removed 27 stack frames</pre></div><a href='#' onClick='toggleBox("stack-trace1511661742", this, "Click to show all stack frames", "Click to hide stack frames")'>Click to show all stack frames</a>
<div class='stack-trace' id='stack-trace1511661742'><pre>java.lang.AssertionError: The following asserts failed:
	Dropdowns were not populated with options. expected [true] but found [false],
	Dropdown did not make a correct selection. expected [true] but found [false],
	Clicking cash radio button did not disable close button. expected [true] but found [false],
	Clicking IEBI radio button did not display correct elements. expected [true] but found [false],
	Clicking other radio button did not display correct elements. expected [true] but found [false],
	Page did not display message verifying request submitted. expected [true] but found [false]
	at org.testng.asserts.SoftAssert.assertAll(SoftAssert.java:47)
	at org.testng.asserts.SoftAssert.assertAll(SoftAssert.java:31)
	at testcases.CloseAccountPageTest.teardown(CloseAccountPageTest.java:102)
	at java.base/jdk.internal.reflect.NativeMethodAccessorImpl.invoke0(Native Method)
	at java.base/jdk.internal.reflect.NativeMethodAccessorImpl.invoke(NativeMethodAccessorImpl.java:62)
	at java.base/jdk.internal.reflect.DelegatingMethodAccessorImpl.invoke(DelegatingMethodAccessorImpl.java:43)
	at java.base/java.lang.reflect.Method.invoke(Method.java:566)
	at org.testng.internal.MethodInvocationHelper.invokeMethod(MethodInvocationHelper.java:132)
	at org.testng.internal.MethodInvocationHelper.invokeMethodConsideringTimeout(MethodInvocationHelper.java:61)
	at org.testng.internal.ConfigInvoker.invokeConfigurationMethod(ConfigInvoker.java:366)
	at org.testng.internal.ConfigInvoker.invokeConfigurations(ConfigInvoker.java:320)
	at org.testng.internal.TestMethodWorker.invokeAfterClassMethods(TestMethodWorker.java:217)
	at org.testng.internal.TestMethodWorker.run(TestMethodWorker.java:130)
	at java.base/java.util.ArrayList.forEach(ArrayList.java:1541)
	at org.testng.TestRunner.privateRun(TestRunner.java:764)
	at org.testng.TestRunner.run(TestRunner.java:585)
	at org.testng.SuiteRunner.runTest(SuiteRunner.java:384)
	at org.testng.SuiteRunner.runSequentially(SuiteRunner.java:378)
	at org.testng.SuiteRunner.privateRun(SuiteRunner.java:337)
	at org.testng.SuiteRunner.run(SuiteRunner.java:286)
	at org.testng.SuiteRunnerWorker.runSuite(SuiteRunnerWorker.java:53)
	at org.testng.SuiteRunnerWorker.run(SuiteRunnerWorker.java:96)
	at org.testng.TestNG.runSuitesSequentially(TestNG.java:1218)
	at org.testng.TestNG.runSuitesLocally(TestNG.java:1140)
	at org.testng.TestNG.runSuites(TestNG.java:1069)
	at org.testng.TestNG.run(TestNG.java:1037)
	at org.testng.remote.AbstractRemoteTestNG.run(AbstractRemoteTestNG.java:115)
	at org.testng.remote.RemoteTestNG.initAndRun(RemoteTestNG.java:251)
	at org.testng.remote.RemoteTestNG.main(RemoteTestNG.java:77)
</pre></div></td>
<td>0</td>
<td>testcases.CloseAccountPageTest@22e357dc</td></tr>
</table><p>
<table width='100%' border='1' class='invocation-failed'>
<tr><td colspan='4' align='center'><b>FAILED TESTS</b></td></tr>
<tr><td><b>Test method</b></td>
<td width="30%"><b>Exception</b></td>
<td width="10%"><b>Time (seconds)</b></td>
<td><b>Instance</b></td>
</tr>
<tr>
<td title='testcases.CloseAccountPageTest.resetBtnTest()'><b>resetBtnTest</b><br>Test class: testcases.CloseAccountPageTest</td>
<td><div><pre>org.openqa.selenium.NoSuchElementException: no such element: Unable to locate element: {&quot;method&quot;:&quot;css selector&quot;,&quot;selector&quot;:&quot;#body_cph_Deposit_rbtnTransferType_0&quot;}
  (Session info: MicrosoftEdge=90.0.818.66)
For documentation on this error, please visit: https://www.seleniumhq.org/exceptions/no_such_element.html
Build info: version: &apos;3.141.59&apos;, revision: &apos;e82be7d358&apos;, time: &apos;2018-11-14T08:17:03&apos;
System info: host: &apos;USABOS391884L&apos;, ip: &apos;192.168.1.81&apos;, os.name: &apos;Windows 10&apos;, os.arch: &apos;amd64&apos;, os.version: &apos;10.0&apos;, java.version: &apos;11.0.11&apos;
Driver info: org.openqa.selenium.edge.EdgeDriver
Capabilities {acceptInsecureCerts: false, browserName: msedge, browserVersion: 90.0.818.66, javascriptEnabled: true, ms:edgeOptions: {debuggerAddress: localhost:56538}, msedge: {msedgedriverVersion: 90.0.818.51 (0ac6c7911676c0..., userDataDir: C:\Users\aris.carroll\AppDa...}, networkConnectionEnabled: false, pageLoadStrategy: normal, platform: WINDOWS, platformName: WINDOWS, proxy: Proxy(), setWindowRect: true, strictFileInteractability: false, timeouts: {implicit: 0, pageLoad: 300000, script: 30000}, unhandledPromptBehavior: dismiss and notify, webauthn:extension:largeBlob: true, webauthn:virtualAuthenticators: true}
Session ID: 82067ab3a852d4f21f3debf2322a041d
*** Element info: {Using=id, value=body_cph_Deposit_rbtnTransferType_0}
	at org.openqa.selenium.remote.http.W3CHttpResponseCodec.createException(W3CHttpResponseCodec.java:187)
	at org.openqa.selenium.remote.http.W3CHttpResponseCodec.decode(W3CHttpResponseCodec.java:122)
	at org.openqa.selenium.remote.http.W3CHttpResponseCodec.decode(W3CHttpResponseCodec.java:49)
	at org.openqa.selenium.remote.HttpCommandExecutor.execute(HttpCommandExecutor.java:158)
	at org.openqa.selenium.remote.service.DriverCommandExecutor.execute(DriverCommandExecutor.java:83)
	at org.openqa.selenium.remote.RemoteWebDriver.execute(RemoteWebDriver.java:552)
	at org.openqa.selenium.remote.RemoteWebDriver.findElement(RemoteWebDriver.java:323)
	at org.openqa.selenium.remote.RemoteWebDriver.findElementById(RemoteWebDriver.java:372)
	at org.openqa.selenium.By$ById.findElement(By.java:188)
	at org.openqa.selenium.remote.RemoteWebDriver.findElement(RemoteWebDriver.java:315)
	at pageObjects.CloseAccountPage.verifyResetBtn(CloseAccountPage.java:167)
	at testcases.CloseAccountPageTest.resetBtnTest(CloseAccountPageTest.java:95)
	at java.base/java.util.ArrayList.forEach(ArrayList.java:1541)
... Removed 31 stack frames</pre></div><a href='#' onClick='toggleBox("stack-trace1973561066", this, "Click to show all stack frames", "Click to hide stack frames")'>Click to show all stack frames</a>
<div class='stack-trace' id='stack-trace1973561066'><pre>org.openqa.selenium.NoSuchElementException: no such element: Unable to locate element: {&quot;method&quot;:&quot;css selector&quot;,&quot;selector&quot;:&quot;#body_cph_Deposit_rbtnTransferType_0&quot;}
  (Session info: MicrosoftEdge=90.0.818.66)
For documentation on this error, please visit: https://www.seleniumhq.org/exceptions/no_such_element.html
Build info: version: &apos;3.141.59&apos;, revision: &apos;e82be7d358&apos;, time: &apos;2018-11-14T08:17:03&apos;
System info: host: &apos;USABOS391884L&apos;, ip: &apos;192.168.1.81&apos;, os.name: &apos;Windows 10&apos;, os.arch: &apos;amd64&apos;, os.version: &apos;10.0&apos;, java.version: &apos;11.0.11&apos;
Driver info: org.openqa.selenium.edge.EdgeDriver
Capabilities {acceptInsecureCerts: false, browserName: msedge, browserVersion: 90.0.818.66, javascriptEnabled: true, ms:edgeOptions: {debuggerAddress: localhost:56538}, msedge: {msedgedriverVersion: 90.0.818.51 (0ac6c7911676c0..., userDataDir: C:\Users\aris.carroll\AppDa...}, networkConnectionEnabled: false, pageLoadStrategy: normal, platform: WINDOWS, platformName: WINDOWS, proxy: Proxy(), setWindowRect: true, strictFileInteractability: false, timeouts: {implicit: 0, pageLoad: 300000, script: 30000}, unhandledPromptBehavior: dismiss and notify, webauthn:extension:largeBlob: true, webauthn:virtualAuthenticators: true}
Session ID: 82067ab3a852d4f21f3debf2322a041d
*** Element info: {Using=id, value=body_cph_Deposit_rbtnTransferType_0}
	at java.base/jdk.internal.reflect.NativeConstructorAccessorImpl.newInstance0(Native Method)
	at java.base/jdk.internal.reflect.NativeConstructorAccessorImpl.newInstance(NativeConstructorAccessorImpl.java:62)
	at java.base/jdk.internal.reflect.DelegatingConstructorAccessorImpl.newInstance(DelegatingConstructorAccessorImpl.java:45)
	at java.base/java.lang.reflect.Constructor.newInstance(Constructor.java:490)
	at org.openqa.selenium.remote.http.W3CHttpResponseCodec.createException(W3CHttpResponseCodec.java:187)
	at org.openqa.selenium.remote.http.W3CHttpResponseCodec.decode(W3CHttpResponseCodec.java:122)
	at org.openqa.selenium.remote.http.W3CHttpResponseCodec.decode(W3CHttpResponseCodec.java:49)
	at org.openqa.selenium.remote.HttpCommandExecutor.execute(HttpCommandExecutor.java:158)
	at org.openqa.selenium.remote.service.DriverCommandExecutor.execute(DriverCommandExecutor.java:83)
	at org.openqa.selenium.remote.RemoteWebDriver.execute(RemoteWebDriver.java:552)
	at org.openqa.selenium.remote.RemoteWebDriver.findElement(RemoteWebDriver.java:323)
	at org.openqa.selenium.remote.RemoteWebDriver.findElementById(RemoteWebDriver.java:372)
	at org.openqa.selenium.By$ById.findElement(By.java:188)
	at org.openqa.selenium.remote.RemoteWebDriver.findElement(RemoteWebDriver.java:315)
	at pageObjects.CloseAccountPage.verifyResetBtn(CloseAccountPage.java:167)
	at testcases.CloseAccountPageTest.resetBtnTest(CloseAccountPageTest.java:95)
	at java.base/jdk.internal.reflect.NativeMethodAccessorImpl.invoke0(Native Method)
	at java.base/jdk.internal.reflect.NativeMethodAccessorImpl.invoke(NativeMethodAccessorImpl.java:62)
	at java.base/jdk.internal.reflect.DelegatingMethodAccessorImpl.invoke(DelegatingMethodAccessorImpl.java:43)
	at java.base/java.lang.reflect.Method.invoke(Method.java:566)
	at org.testng.internal.MethodInvocationHelper.invokeMethod(MethodInvocationHelper.java:132)
	at org.testng.internal.TestInvoker.invokeMethod(TestInvoker.java:599)
	at org.testng.internal.TestInvoker.invokeTestMethod(TestInvoker.java:174)
	at org.testng.internal.MethodRunner.runInSequence(MethodRunner.java:46)
	at org.testng.internal.TestInvoker$MethodInvocationAgent.invoke(TestInvoker.java:822)
	at org.testng.internal.TestInvoker.invokeTestMethods(TestInvoker.java:147)
	at org.testng.internal.TestMethodWorker.invokeTestMethods(TestMethodWorker.java:146)
	at org.testng.internal.TestMethodWorker.run(TestMethodWorker.java:128)
	at java.base/java.util.ArrayList.forEach(ArrayList.java:1541)
	at org.testng.TestRunner.privateRun(TestRunner.java:764)
	at org.testng.TestRunner.run(TestRunner.java:585)
	at org.testng.SuiteRunner.runTest(SuiteRunner.java:384)
	at org.testng.SuiteRunner.runSequentially(SuiteRunner.java:378)
	at org.testng.SuiteRunner.privateRun(SuiteRunner.java:337)
	at org.testng.SuiteRunner.run(SuiteRunner.java:286)
	at org.testng.SuiteRunnerWorker.runSuite(SuiteRunnerWorker.java:53)
	at org.testng.SuiteRunnerWorker.run(SuiteRunnerWorker.java:96)
	at org.testng.TestNG.runSuitesSequentially(TestNG.java:1218)
	at org.testng.TestNG.runSuitesLocally(TestNG.java:1140)
	at org.testng.TestNG.runSuites(TestNG.java:1069)
	at org.testng.TestNG.run(TestNG.java:1037)
	at org.testng.remote.AbstractRemoteTestNG.run(AbstractRemoteTestNG.java:115)
	at org.testng.remote.RemoteTestNG.initAndRun(RemoteTestNG.java:251)
	at org.testng.remote.RemoteTestNG.main(RemoteTestNG.java:77)
</pre></div></td>
<td>9</td>
<td>testcases.CloseAccountPageTest@22e357dc</td></tr>
</table><p>
<table width='100%' border='1' class='invocation-passed'>
<tr><td colspan='4' align='center'><b>PASSED TESTS</b></td></tr>
<tr><td><b>Test method</b></td>
<td width="30%"><b>Exception</b></td>
<td width="10%"><b>Time (seconds)</b></td>
<td><b>Instance</b></td>
</tr>
<tr>
<td title='testcases.CloseAccountPageTest.cashRadioBtnTest()'><b>cashRadioBtnTest</b><br>Test class: testcases.CloseAccountPageTest</td>
<td></td>
<td>2</td>
<td>testcases.CloseAccountPageTest@22e357dc</td></tr>
<tr>
<td title='testcases.CloseAccountPageTest.closeDepositBtnTest()'><b>closeDepositBtnTest</b><br>Test class: testcases.CloseAccountPageTest</td>
<td></td>
<td>4</td>
<td>testcases.CloseAccountPageTest@22e357dc</td></tr>
<tr>
<td title='testcases.CloseAccountPageTest.dropDownSelectionTest()'><b>dropDownSelectionTest</b><br>Test class: testcases.CloseAccountPageTest</td>
<td></td>
<td>2</td>
<td>testcases.CloseAccountPageTest@22e357dc</td></tr>
<tr>
<td title='testcases.CalculatorPageTest.emptyDepositAmtTest()'><b>emptyDepositAmtTest</b><br>Test class: testcases.CalculatorPageTest</td>
<td></td>
<td>2</td>
<td>testcases.CalculatorPageTest@702b8b12</td></tr>
<tr>
<td title='testcases.CalculatorPageTest.emptyTermsTest()'><b>emptyTermsTest</b><br>Test class: testcases.CalculatorPageTest</td>
<td></td>
<td>2</td>
<td>testcases.CalculatorPageTest@702b8b12</td></tr>
<tr>
<td title='testcases.LoginPageTest.forgotPasswordTest()'><b>forgotPasswordTest</b><br>Test class: testcases.LoginPageTest</td>
<td></td>
<td>1</td>
<td>testcases.LoginPageTest@306f16f3</td></tr>
<tr>
<td title='testcases.CalculatorPageTest.goToCalculatorPageTest()'><b>goToCalculatorPageTest</b><br>Test class: testcases.CalculatorPageTest</td>
<td></td>
<td>4</td>
<td>testcases.CalculatorPageTest@702b8b12</td></tr>
<tr>
<td title='testcases.CloseAccountPageTest.goToPageTest()'><b>goToPageTest</b><br>Test class: testcases.CloseAccountPageTest</td>
<td></td>
<td>2</td>
<td>testcases.CloseAccountPageTest@22e357dc</td></tr>
<tr>
<td title='testcases.CloseAccountPageTest.iebiRadioBtnTest()'><b>iebiRadioBtnTest</b><br>Test class: testcases.CloseAccountPageTest</td>
<td></td>
<td>2</td>
<td>testcases.CloseAccountPageTest@22e357dc</td></tr>
<tr>
<td title='testcases.CalculatorPageTest.invalidFixedDepositAmtTest()'><b>invalidFixedDepositAmtTest</b><br>Test class: testcases.CalculatorPageTest</td>
<td></td>
<td>4</td>
<td>testcases.CalculatorPageTest@702b8b12</td></tr>
<tr>
<td title='testcases.CalculatorPageTest.invalidRecurringDepositAmtTest()'><b>invalidRecurringDepositAmtTest</b><br>Test class: testcases.CalculatorPageTest</td>
<td></td>
<td>7</td>
<td>testcases.CalculatorPageTest@702b8b12</td></tr>
<tr>
<td title='testcases.CalculatorPageTest.invalidTermsAmtTest()'><b>invalidTermsAmtTest</b><br>Test class: testcases.CalculatorPageTest<br>Parameters: 10000, 15</td>
<td></td>
<td>7</td>
<td>testcases.CalculatorPageTest@702b8b12</td></tr>
<tr>
<td title='testcases.CalculatorPageTest.invalidTermsAmtTest()'><b>invalidTermsAmtTest</b><br>Test class: testcases.CalculatorPageTest<br>Parameters: 10000, 0</td>
<td></td>
<td>2</td>
<td>testcases.CalculatorPageTest@702b8b12</td></tr>
<tr>
<td title='testcases.CalculatorPageTest.invalidTermsAmtTest()'><b>invalidTermsAmtTest</b><br>Test class: testcases.CalculatorPageTest<br>Parameters: 10000, 36</td>
<td></td>
<td>2</td>
<td>testcases.CalculatorPageTest@702b8b12</td></tr>
<tr>
<td title='testcases.LoginPageTest.invalidUserMessageTest()'><b>invalidUserMessageTest</b><br>Test class: testcases.LoginPageTest<br>Parameters: donhere, don@123</td>
<td></td>
<td>6</td>
<td>testcases.LoginPageTest@306f16f3</td></tr>
<tr>
<td title='testcases.LoginPageTest.invalidUserMessageTest()'><b>invalidUserMessageTest</b><br>Test class: testcases.LoginPageTest<br>Parameters: aris, aris@123</td>
<td></td>
<td>0</td>
<td>testcases.LoginPageTest@306f16f3</td></tr>
<tr>
<td title='testcases.CloseAccountPageTest.loadingPageElementsTest()'><b>loadingPageElementsTest</b><br>Test class: testcases.CloseAccountPageTest</td>
<td></td>
<td>1</td>
<td>testcases.CloseAccountPageTest@22e357dc</td></tr>
<tr>
<td title='testcases.LoginPageTest.loginTest()'><b>loginTest</b><br>Test class: testcases.LoginPageTest<br>Parameters: donhere, don@123</td>
<td></td>
<td>0</td>
<td>testcases.LoginPageTest@306f16f3</td></tr>
<tr>
<td title='testcases.LoginPageTest.loginTest()'><b>loginTest</b><br>Test class: testcases.LoginPageTest<br>Parameters: aris, aris@123</td>
<td></td>
<td>0</td>
<td>testcases.LoginPageTest@306f16f3</td></tr>
<tr>
<td title='testcases.LoginPageTest.logoutTest()'><b>logoutTest</b><br>Test class: testcases.LoginPageTest</td>
<td></td>
<td>0</td>
<td>testcases.LoginPageTest@306f16f3</td></tr>
<tr>
<td title='testcases.CloseAccountPageTest.otherBankRadioBtnTest()'><b>otherBankRadioBtnTest</b><br>Test class: testcases.CloseAccountPageTest</td>
<td></td>
<td>2</td>
<td>testcases.CloseAccountPageTest@22e357dc</td></tr>
<tr>
<td title='testcases.CloseAccountPageTest.populateDropDownTest()'><b>populateDropDownTest</b><br>Test class: testcases.CloseAccountPageTest</td>
<td></td>
<td>0</td>
<td>testcases.CloseAccountPageTest@22e357dc</td></tr>
<tr>
<td title='testcases.CalculatorPageTest.radioMessageTest()'><b>radioMessageTest</b><br>Test class: testcases.CalculatorPageTest</td>
<td></td>
<td>2</td>
<td>testcases.CalculatorPageTest@702b8b12</td></tr>
<tr>
<td title='testcases.CalculatorPageTest.resetBtnTest()'><b>resetBtnTest</b><br>Test class: testcases.CalculatorPageTest</td>
<td></td>
<td>2</td>
<td>testcases.CalculatorPageTest@702b8b12</td></tr>
<tr>
<td title='testcases.CalculatorPageTest.resultsTest()'><b>resultsTest</b><br>Test class: testcases.CalculatorPageTest</td>
<td></td>
<td>4</td>
<td>testcases.CalculatorPageTest@702b8b12</td></tr>
<tr>
<td title='testcases.LoginPageTest.signUpTest()'><b>signUpTest</b><br>Test class: testcases.LoginPageTest</td>
<td></td>
<td>1</td>
<td>testcases.LoginPageTest@306f16f3</td></tr>
<tr>
<td title='testcases.CloseAccountPageTest.transferModeTest()'><b>transferModeTest</b><br>Test class: testcases.CloseAccountPageTest</td>
<td></td>
<td>4</td>
<td>testcases.CloseAccountPageTest@22e357dc</td></tr>
</table><p>
</body>
</html>