<?xml version="1.0" encoding="UTF-8"?>
<!-- Generated by org.testng.reporters.JUnitXMLReporter -->
<testsuite ignored="0" hostname="USABOS391884L" failures="0" tests="7" name="Default test" time="0.068" errors="0" timestamp="2021-05-24T13:57:34 EDT">
  <testcase classname="testcases.LoginPageTest" name="@BeforeClass setup" time="-1.621879054805E9">
    <failure type="org.testng.TestNGException" message="
Parameter &amp;apos;browser&amp;apos; is required by BeforeClass on method setup but has not been marked @Optional or defined
in C:\Users\aris.carroll\AppData\Local\Temp\testng-eclipse--1214526069\testng-customsuite.xml">
      <![CDATA[org.testng.TestNGException: 
Parameter 'browser' is required by BeforeClass on method setup but has not been marked @Optional or defined
in C:\Users\aris.carroll\AppData\Local\Temp\testng-eclipse--1214526069\testng-customsuite.xml
at org.testng.internal.Parameters.createParams(Parameters.java:268)
at org.testng.internal.Parameters.createParametersForMethod(Parameters.java:356)
at org.testng.internal.Parameters.createParameters(Parameters.java:700)
at org.testng.internal.Parameters.createConfigurationParameters(Parameters.java:166)
at org.testng.internal.ConfigInvoker.invokeConfigurations(ConfigInvoker.java:301)
at org.testng.internal.TestMethodWorker.invokeBeforeClassMethods(TestMethodWorker.java:176)
at org.testng.internal.TestMethodWorker.run(TestMethodWorker.java:122)
at java.base/java.util.ArrayList.forEach(ArrayList.java:1541)
at org.testng.TestRunner.privateRun(TestRunner.java:764)
at org.testng.TestRunner.run(TestRunner.java:585)
at org.testng.SuiteRunner.runTest(SuiteRunner.java:384)
at org.testng.SuiteRunner.runSequentially(SuiteRunner.java:378)
at org.testng.SuiteRunner.privateRun(SuiteRunner.java:337)
at org.testng.SuiteRunner.run(SuiteRunner.java:286)
at org.testng.SuiteRunnerWorker.runSuite(SuiteRunnerWorker.java:53)
at org.testng.SuiteRunnerWorker.run(SuiteRunnerWorker.java:96)
at org.testng.TestNG.runSuitesSequentially(TestNG.java:1218)
at org.testng.TestNG.runSuitesLocally(TestNG.java:1140)
at org.testng.TestNG.runSuites(TestNG.java:1069)
at org.testng.TestNG.run(TestNG.java:1037)
at org.testng.remote.AbstractRemoteTestNG.run(AbstractRemoteTestNG.java:115)
at org.testng.remote.RemoteTestNG.initAndRun(RemoteTestNG.java:251)
at org.testng.remote.RemoteTestNG.main(RemoteTestNG.java:77)
]]>
    </failure>
  </testcase> <!-- @BeforeClass setup -->
  <testcase classname="testcases.LoginPageTest" name="@BeforeMethod goToLoginPage" time="-1.62187905482E9">
    <skipped/>
  </testcase> <!-- @BeforeMethod goToLoginPage -->
  <testcase classname="testcases.LoginPageTest" name="@BeforeMethod goToLoginPage" time="-1.621879054829E9">
    <skipped/>
  </testcase> <!-- @BeforeMethod goToLoginPage -->
  <testcase classname="testcases.LoginPageTest" name="@BeforeMethod goToLoginPage" time="-1.621879054837E9">
    <skipped/>
  </testcase> <!-- @BeforeMethod goToLoginPage -->
  <testcase classname="testcases.LoginPageTest" name="@BeforeMethod goToLoginPage" time="-1.62187905484E9">
    <skipped/>
  </testcase> <!-- @BeforeMethod goToLoginPage -->
  <testcase classname="testcases.LoginPageTest" name="@BeforeMethod goToLoginPage" time="-1.621879054844E9">
    <skipped/>
  </testcase> <!-- @BeforeMethod goToLoginPage -->
  <testcase classname="testcases.LoginPageTest" name="@BeforeMethod goToLoginPage" time="-1.621879054849E9">
    <skipped/>
  </testcase> <!-- @BeforeMethod goToLoginPage -->
  <testcase classname="testcases.LoginPageTest" name="@BeforeMethod goToLoginPage" time="-1.621879054856E9">
    <skipped/>
  </testcase> <!-- @BeforeMethod goToLoginPage -->
  <testcase classname="testcases.LoginPageTest" name="@AfterClass teardown" time="-1.621879054861E9">
    <skipped/>
  </testcase> <!-- @AfterClass teardown -->
  <testcase classname="testcases.LoginPageTest" name="forgotPasswordTest" time="0.0">
    <skipped/>
  </testcase> <!-- forgotPasswordTest -->
  <testcase classname="testcases.LoginPageTest" name="signUpTest" time="0.0">
    <skipped/>
  </testcase> <!-- signUpTest -->
  <testcase classname="testcases.LoginPageTest" name="invalidUserMessageTest" time="0.0">
    <skipped/>
  </testcase> <!-- invalidUserMessageTest -->
  <testcase classname="testcases.LoginPageTest" name="invalidUserMessageTest" time="0.0">
    <skipped/>
  </testcase> <!-- invalidUserMessageTest -->
  <testcase classname="testcases.LoginPageTest" name="loginTest" time="0.0">
    <skipped/>
  </testcase> <!-- loginTest -->
  <testcase classname="testcases.LoginPageTest" name="loginTest" time="0.0">
    <skipped/>
  </testcase> <!-- loginTest -->
  <testcase classname="testcases.LoginPageTest" name="logoutTest" time="0.0">
    <skipped/>
  </testcase> <!-- logoutTest -->
</testsuite> <!-- Default test -->
