<?xml version="1.0" encoding="UTF-8"?>
<!-- Generated by org.testng.reporters.JUnitReportReporter -->
<testsuite hostname="USABOS391884L" failures="2" tests="24" name="testcases.CalculatorPageTest" time="87.048" errors="0" timestamp="2021-06-02T16:59:14 EDT" skipped="0">
  <testcase classname="testcases.CalculatorPageTest" name="goToCalculatorPageTest" time="4.770"/>
  <system-out/>
  <testcase classname="testcases.CalculatorPageTest" name="goToCalculatorPageTest" time="4.865"/>
  <system-out/>
  <testcase classname="testcases.CalculatorPageTest" name="teardown" time="0.834">
    <failure message="The following asserts failed:
	Page did not display invalid recurring deposit amount message. expected [true] but found [false],
	Page did not display invalid terms amount message. expected [true] but found [false],
	Page did not display calculated amount. expected [true] but found [false]" type="java.lang.AssertionError">
      <![CDATA[java.lang.AssertionError: The following asserts failed:
Page did not display invalid recurring deposit amount message. expected [true] but found [false],
Page did not display invalid terms amount message. expected [true] but found [false],
Page did not display calculated amount. expected [true] but found [false]
at org.testng.asserts.SoftAssert.assertAll(SoftAssert.java:47)
at org.testng.asserts.SoftAssert.assertAll(SoftAssert.java:31)
at testcases.CalculatorPageTest.teardown(CalculatorPageTest.java:154)
at java.base/jdk.internal.reflect.NativeMethodAccessorImpl.invoke0(Native Method)
at java.base/jdk.internal.reflect.NativeMethodAccessorImpl.invoke(NativeMethodAccessorImpl.java:62)
at java.base/jdk.internal.reflect.DelegatingMethodAccessorImpl.invoke(DelegatingMethodAccessorImpl.java:43)
at java.base/java.lang.reflect.Method.invoke(Method.java:566)
at org.testng.internal.MethodInvocationHelper.invokeMethod(MethodInvocationHelper.java:132)
at org.testng.internal.MethodInvocationHelper.invokeMethodConsideringTimeout(MethodInvocationHelper.java:61)
at org.testng.internal.ConfigInvoker.invokeConfigurationMethod(ConfigInvoker.java:366)
at org.testng.internal.ConfigInvoker.invokeConfigurations(ConfigInvoker.java:320)
at org.testng.internal.TestMethodWorker.invokeAfterClassMethods(TestMethodWorker.java:217)
at org.testng.internal.TestMethodWorker.run(TestMethodWorker.java:130)
at java.base/java.util.ArrayList.forEach(ArrayList.java:1541)
at org.testng.TestRunner.privateRun(TestRunner.java:764)
at org.testng.TestRunner.run(TestRunner.java:585)
at org.testng.SuiteRunner.runTest(SuiteRunner.java:384)
at org.testng.SuiteRunner.runSequentially(SuiteRunner.java:378)
at org.testng.SuiteRunner.privateRun(SuiteRunner.java:337)
at org.testng.SuiteRunner.run(SuiteRunner.java:286)
at org.testng.SuiteRunnerWorker.runSuite(SuiteRunnerWorker.java:53)
at org.testng.SuiteRunnerWorker.run(SuiteRunnerWorker.java:96)
at org.testng.TestNG.runSuitesSequentially(TestNG.java:1218)
at org.testng.TestNG.runSuitesLocally(TestNG.java:1140)
at org.testng.TestNG.runSuites(TestNG.java:1069)
at org.testng.TestNG.run(TestNG.java:1037)
at org.testng.remote.AbstractRemoteTestNG.run(AbstractRemoteTestNG.java:115)
at org.testng.remote.RemoteTestNG.initAndRun(RemoteTestNG.java:251)
at org.testng.remote.RemoteTestNG.main(RemoteTestNG.java:77)
]]>
    </failure>
  </testcase> <!-- teardown -->
  <system-out/>
  <testcase classname="testcases.CalculatorPageTest" name="invalidTermsAmtTest" time="7.389"/>
  <system-out/>
  <testcase classname="testcases.CalculatorPageTest" name="radioMessageTest" time="2.320"/>
  <system-out/>
  <testcase classname="testcases.CalculatorPageTest" name="resultsTest" time="4.402"/>
  <system-out/>
  <testcase classname="testcases.CalculatorPageTest" name="emptyTermsTest" time="2.295"/>
  <system-out/>
  <testcase classname="testcases.CalculatorPageTest" name="invalidTermsAmtTest" time="2.318"/>
  <system-out/>
  <testcase classname="testcases.CalculatorPageTest" name="invalidRecurringDepositAmtTest" time="7.419"/>
  <system-out/>
  <testcase classname="testcases.CalculatorPageTest" name="resultsTest" time="4.404"/>
  <system-out/>
  <testcase classname="testcases.CalculatorPageTest" name="emptyDepositAmtTest" time="2.338"/>
  <system-out/>
  <testcase classname="testcases.CalculatorPageTest" name="invalidFixedDepositAmtTest" time="4.421"/>
  <system-out/>
  <testcase classname="testcases.CalculatorPageTest" name="emptyDepositAmtTest" time="2.342"/>
  <system-out/>
  <testcase classname="testcases.CalculatorPageTest" name="invalidTermsAmtTest" time="7.409"/>
  <system-out/>
  <testcase classname="testcases.CalculatorPageTest" name="invalidTermsAmtTest" time="2.348"/>
  <system-out/>
  <testcase classname="testcases.CalculatorPageTest" name="emptyTermsTest" time="2.290"/>
  <system-out/>
  <testcase classname="testcases.CalculatorPageTest" name="invalidFixedDepositAmtTest" time="4.342"/>
  <system-out/>
  <testcase classname="testcases.CalculatorPageTest" name="invalidTermsAmtTest" time="2.334"/>
  <system-out/>
  <testcase classname="testcases.CalculatorPageTest" name="radioMessageTest" time="2.347"/>
  <system-out/>
  <testcase classname="testcases.CalculatorPageTest" name="teardown" time="1.361">
    <failure message="The following asserts failed:
	Page did not display invalid recurring deposit amount message. expected [true] but found [false],
	Page did not display invalid terms amount message. expected [true] but found [false],
	Page did not display calculated amount. expected [true] but found [false]" type="java.lang.AssertionError">
      <![CDATA[java.lang.AssertionError: The following asserts failed:
Page did not display invalid recurring deposit amount message. expected [true] but found [false],
Page did not display invalid terms amount message. expected [true] but found [false],
Page did not display calculated amount. expected [true] but found [false]
at org.testng.asserts.SoftAssert.assertAll(SoftAssert.java:47)
at org.testng.asserts.SoftAssert.assertAll(SoftAssert.java:31)
at testcases.CalculatorPageTest.teardown(CalculatorPageTest.java:154)
at java.base/jdk.internal.reflect.NativeMethodAccessorImpl.invoke0(Native Method)
at java.base/jdk.internal.reflect.NativeMethodAccessorImpl.invoke(NativeMethodAccessorImpl.java:62)
at java.base/jdk.internal.reflect.DelegatingMethodAccessorImpl.invoke(DelegatingMethodAccessorImpl.java:43)
at java.base/java.lang.reflect.Method.invoke(Method.java:566)
at org.testng.internal.MethodInvocationHelper.invokeMethod(MethodInvocationHelper.java:132)
at org.testng.internal.MethodInvocationHelper.invokeMethodConsideringTimeout(MethodInvocationHelper.java:61)
at org.testng.internal.ConfigInvoker.invokeConfigurationMethod(ConfigInvoker.java:366)
at org.testng.internal.ConfigInvoker.invokeConfigurations(ConfigInvoker.java:320)
at org.testng.internal.TestMethodWorker.invokeAfterClassMethods(TestMethodWorker.java:217)
at org.testng.internal.TestMethodWorker.run(TestMethodWorker.java:130)
at java.base/java.util.ArrayList.forEach(ArrayList.java:1541)
at org.testng.TestRunner.privateRun(TestRunner.java:764)
at org.testng.TestRunner.run(TestRunner.java:585)
at org.testng.SuiteRunner.runTest(SuiteRunner.java:384)
at org.testng.SuiteRunner.runSequentially(SuiteRunner.java:378)
at org.testng.SuiteRunner.privateRun(SuiteRunner.java:337)
at org.testng.SuiteRunner.run(SuiteRunner.java:286)
at org.testng.SuiteRunnerWorker.runSuite(SuiteRunnerWorker.java:53)
at org.testng.SuiteRunnerWorker.run(SuiteRunnerWorker.java:96)
at org.testng.TestNG.runSuitesSequentially(TestNG.java:1218)
at org.testng.TestNG.runSuitesLocally(TestNG.java:1140)
at org.testng.TestNG.runSuites(TestNG.java:1069)
at org.testng.TestNG.run(TestNG.java:1037)
at org.testng.remote.AbstractRemoteTestNG.run(AbstractRemoteTestNG.java:115)
at org.testng.remote.RemoteTestNG.initAndRun(RemoteTestNG.java:251)
at org.testng.remote.RemoteTestNG.main(RemoteTestNG.java:77)
]]>
    </failure>
  </testcase> <!-- teardown -->
  <system-out/>
  <testcase classname="testcases.CalculatorPageTest" name="invalidRecurringDepositAmtTest" time="7.359"/>
  <system-out/>
  <testcase classname="testcases.CalculatorPageTest" name="invalidTermsAmtTest" time="2.329"/>
  <system-out/>
  <testcase classname="testcases.CalculatorPageTest" name="resetBtnTest" time="2.384"/>
  <system-out/>
  <testcase classname="testcases.CalculatorPageTest" name="resetBtnTest" time="2.428"/>
  <system-out/>
</testsuite> <!-- testcases.CalculatorPageTest -->
